{"total": {"lines":{"total":1415,"covered":1302,"skipped":0,"pct":92.01},"statements":{"total":1571,"covered":1416,"skipped":0,"pct":90.13},"functions":{"total":330,"covered":296,"skipped":0,"pct":89.69},"branches":{"total":868,"covered":673,"skipped":0,"pct":77.53},"branchesTrue":{"total":0,"covered":0,"skipped":0,"pct":100}}
,"/media/srv-main-softdev/rnprivat/Thunderbird-Reply-with-Attachments/sources/background.js": {"lines":{"total":196,"covered":173,"skipped":0,"pct":88.26},"functions":{"total":63,"covered":53,"skipped":0,"pct":84.12},"statements":{"total":228,"covered":197,"skipped":0,"pct":86.4},"branches":{"total":115,"covered":87,"skipped":0,"pct":75.65}}
,"/media/srv-main-softdev/rnprivat/Thunderbird-Reply-with-Attachments/sources/confirm_page.js": {"lines":{"total":43,"covered":43,"skipped":0,"pct":100},"functions":{"total":18,"covered":18,"skipped":0,"pct":100},"statements":{"total":50,"covered":50,"skipped":0,"pct":100},"branches":{"total":42,"covered":39,"skipped":0,"pct":92.85}}
,"/media/srv-main-softdev/rnprivat/Thunderbird-Reply-with-Attachments/sources/donation_visibility.js": {"lines":{"total":76,"covered":71,"skipped":0,"pct":93.42},"functions":{"total":14,"covered":13,"skipped":0,"pct":92.85},"statements":{"total":86,"covered":78,"skipped":0,"pct":90.69},"branches":{"total":57,"covered":35,"skipped":0,"pct":61.4}}
,"/media/srv-main-softdev/rnprivat/Thunderbird-Reply-with-Attachments/sources/handle_atn_link.js": {"lines":{"total":1,"covered":1,"skipped":0,"pct":100},"functions":{"total":0,"covered":0,"skipped":0,"pct":100},"statements":{"total":1,"covered":1,"skipped":0,"pct":100},"branches":{"total":0,"covered":0,"skipped":0,"pct":100}}
,"/media/srv-main-softdev/rnprivat/Thunderbird-Reply-with-Attachments/sources/handle_docs_link.js": {"lines":{"total":1,"covered":1,"skipped":0,"pct":100},"functions":{"total":0,"covered":0,"skipped":0,"pct":100},"statements":{"total":1,"covered":1,"skipped":0,"pct":100},"branches":{"total":0,"covered":0,"skipped":0,"pct":100}}
,"/media/srv-main-softdev/rnprivat/Thunderbird-Reply-with-Attachments/sources/handle_donate_link.js": {"lines":{"total":1,"covered":1,"skipped":0,"pct":100},"functions":{"total":0,"covered":0,"skipped":0,"pct":100},"statements":{"total":1,"covered":1,"skipped":0,"pct":100},"branches":{"total":0,"covered":0,"skipped":0,"pct":100}}
,"/media/srv-main-softdev/rnprivat/Thunderbird-Reply-with-Attachments/sources/handle_github_link.js": {"lines":{"total":1,"covered":1,"skipped":0,"pct":100},"functions":{"total":0,"covered":0,"skipped":0,"pct":100},"statements":{"total":1,"covered":1,"skipped":0,"pct":100},"branches":{"total":0,"covered":0,"skipped":0,"pct":100}}
,"/media/srv-main-softdev/rnprivat/Thunderbird-Reply-with-Attachments/sources/options.js": {"lines":{"total":71,"covered":70,"skipped":0,"pct":98.59},"functions":{"total":15,"covered":13,"skipped":0,"pct":86.66},"statements":{"total":83,"covered":79,"skipped":0,"pct":95.18},"branches":{"total":46,"covered":36,"skipped":0,"pct":78.26}}
,"/media/srv-main-softdev/rnprivat/Thunderbird-Reply-with-Attachments/sources/shared_link_opener.js": {"lines":{"total":13,"covered":13,"skipped":0,"pct":100},"functions":{"total":5,"covered":5,"skipped":0,"pct":100},"statements":{"total":17,"covered":17,"skipped":0,"pct":100},"branches":{"total":8,"covered":8,"skipped":0,"pct":100}}
,"/media/srv-main-softdev/rnprivat/Thunderbird-Reply-with-Attachments/sources/ui_i18n.js": {"lines":{"total":31,"covered":31,"skipped":0,"pct":100},"functions":{"total":9,"covered":9,"skipped":0,"pct":100},"statements":{"total":39,"covered":36,"skipped":0,"pct":92.3},"branches":{"total":29,"covered":25,"skipped":0,"pct":86.2}}
,"/media/srv-main-softdev/rnprivat/Thunderbird-Reply-with-Attachments/sources/app/composition.js": {"lines":{"total":220,"covered":196,"skipped":0,"pct":89.09},"functions":{"total":42,"covered":37,"skipped":0,"pct":88.09},"statements":{"total":228,"covered":201,"skipped":0,"pct":88.15},"branches":{"total":101,"covered":79,"skipped":0,"pct":78.21}}
,"/media/srv-main-softdev/rnprivat/Thunderbird-Reply-with-Attachments/sources/app/confirm_flow.js": {"lines":{"total":74,"covered":74,"skipped":0,"pct":100},"functions":{"total":17,"covered":17,"skipped":0,"pct":100},"statements":{"total":79,"covered":79,"skipped":0,"pct":100},"branches":{"total":38,"covered":35,"skipped":0,"pct":92.1}}
,"/media/srv-main-softdev/rnprivat/Thunderbird-Reply-with-Attachments/sources/app/adapters/thunderbird.js": {"lines":{"total":24,"covered":23,"skipped":0,"pct":95.83},"functions":{"total":15,"covered":14,"skipped":0,"pct":93.33},"statements":{"total":24,"covered":23,"skipped":0,"pct":95.83},"branches":{"total":8,"covered":7,"skipped":0,"pct":87.5}}
,"/media/srv-main-softdev/rnprivat/Thunderbird-Reply-with-Attachments/sources/app/application/usecases.js": {"lines":{"total":231,"covered":198,"skipped":0,"pct":85.71},"functions":{"total":54,"covered":45,"skipped":0,"pct":83.33},"statements":{"total":268,"covered":225,"skipped":0,"pct":83.95},"branches":{"total":182,"covered":135,"skipped":0,"pct":74.17}}
,"/media/srv-main-softdev/rnprivat/Thunderbird-Reply-with-Attachments/sources/app/domain/filters.js": {"lines":{"total":79,"covered":75,"skipped":0,"pct":94.93},"functions":{"total":17,"covered":17,"skipped":0,"pct":100},"statements":{"total":93,"covered":88,"skipped":0,"pct":94.62},"branches":{"total":67,"covered":59,"skipped":0,"pct":88.05}}
,"/media/srv-main-softdev/rnprivat/Thunderbird-Reply-with-Attachments/sources/app/shared/utils.js": {"lines":{"total":11,"covered":11,"skipped":0,"pct":100},"functions":{"total":6,"covered":6,"skipped":0,"pct":100},"statements":{"total":12,"covered":11,"skipped":0,"pct":91.66},"branches":{"total":16,"covered":14,"skipped":0,"pct":87.5}}
,"/media/srv-main-softdev/rnprivat/Thunderbird-Reply-with-Attachments/sources/content/confirm.js": {"lines":{"total":342,"covered":320,"skipped":0,"pct":93.56},"functions":{"total":55,"covered":49,"skipped":0,"pct":89.09},"statements":{"total":360,"covered":328,"skipped":0,"pct":91.11},"branches":{"total":159,"covered":114,"skipped":0,"pct":71.69}}
}
