{"total": {"lines":{"total":2487,"covered":2291,"skipped":0,"pct":92.11},"statements":{"total":2487,"covered":2291,"skipped":0,"pct":92.11},"functions":{"total":196,"covered":172,"skipped":0,"pct":87.75},"branches":{"total":725,"covered":516,"skipped":0,"pct":71.17},"branchesTrue":{"total":0,"covered":0,"skipped":0,"pct":100}}
,"/media/srv-main-softdev/rnprivat/Thunderbird-Reply-with-Attachments/sources/background.js": {"lines":{"total":273,"covered":242,"skipped":0,"pct":88.64},"functions":{"total":23,"covered":14,"skipped":0,"pct":60.86},"statements":{"total":273,"covered":242,"skipped":0,"pct":88.64},"branches":{"total":69,"covered":46,"skipped":0,"pct":66.66}}
,"/media/srv-main-softdev/rnprivat/Thunderbird-Reply-with-Attachments/sources/confirm_page.js": {"lines":{"total":111,"covered":111,"skipped":0,"pct":100},"functions":{"total":10,"covered":10,"skipped":0,"pct":100},"statements":{"total":111,"covered":111,"skipped":0,"pct":100},"branches":{"total":43,"covered":28,"skipped":0,"pct":65.11}}
,"/media/srv-main-softdev/rnprivat/Thunderbird-Reply-with-Attachments/sources/donation_visibility.js": {"lines":{"total":146,"covered":133,"skipped":0,"pct":91.09},"functions":{"total":11,"covered":10,"skipped":0,"pct":90.9},"statements":{"total":146,"covered":133,"skipped":0,"pct":91.09},"branches":{"total":41,"covered":23,"skipped":0,"pct":56.09}}
,"/media/srv-main-softdev/rnprivat/Thunderbird-Reply-with-Attachments/sources/handle_atn_link.js": {"lines":{"total":21,"covered":0,"skipped":0,"pct":0},"functions":{"total":1,"covered":0,"skipped":0,"pct":0},"statements":{"total":21,"covered":0,"skipped":0,"pct":0},"branches":{"total":1,"covered":0,"skipped":0,"pct":0}}
,"/media/srv-main-softdev/rnprivat/Thunderbird-Reply-with-Attachments/sources/handle_docs_link.js": {"lines":{"total":21,"covered":0,"skipped":0,"pct":0},"functions":{"total":1,"covered":0,"skipped":0,"pct":0},"statements":{"total":21,"covered":0,"skipped":0,"pct":0},"branches":{"total":1,"covered":0,"skipped":0,"pct":0}}
,"/media/srv-main-softdev/rnprivat/Thunderbird-Reply-with-Attachments/sources/handle_donate_link.js": {"lines":{"total":31,"covered":29,"skipped":0,"pct":93.54},"functions":{"total":1,"covered":1,"skipped":0,"pct":100},"statements":{"total":31,"covered":29,"skipped":0,"pct":93.54},"branches":{"total":8,"covered":6,"skipped":0,"pct":75}}
,"/media/srv-main-softdev/rnprivat/Thunderbird-Reply-with-Attachments/sources/handle_github_link.js": {"lines":{"total":29,"covered":27,"skipped":0,"pct":93.1},"functions":{"total":1,"covered":1,"skipped":0,"pct":100},"statements":{"total":29,"covered":27,"skipped":0,"pct":93.1},"branches":{"total":8,"covered":7,"skipped":0,"pct":87.5}}
,"/media/srv-main-softdev/rnprivat/Thunderbird-Reply-with-Attachments/sources/options.js": {"lines":{"total":187,"covered":186,"skipped":0,"pct":99.46},"functions":{"total":9,"covered":9,"skipped":0,"pct":100},"statements":{"total":187,"covered":186,"skipped":0,"pct":99.46},"branches":{"total":35,"covered":24,"skipped":0,"pct":68.57}}
,"/media/srv-main-softdev/rnprivat/Thunderbird-Reply-with-Attachments/sources/ui_i18n.js": {"lines":{"total":72,"covered":70,"skipped":0,"pct":97.22},"functions":{"total":4,"covered":4,"skipped":0,"pct":100},"statements":{"total":72,"covered":70,"skipped":0,"pct":97.22},"branches":{"total":24,"covered":13,"skipped":0,"pct":54.16}}
,"/media/srv-main-softdev/rnprivat/Thunderbird-Reply-with-Attachments/sources/app/composition.js": {"lines":{"total":372,"covered":349,"skipped":0,"pct":93.81},"functions":{"total":35,"covered":31,"skipped":0,"pct":88.57},"statements":{"total":372,"covered":349,"skipped":0,"pct":93.81},"branches":{"total":133,"covered":97,"skipped":0,"pct":72.93}}
,"/media/srv-main-softdev/rnprivat/Thunderbird-Reply-with-Attachments/sources/app/adapters/thunderbird.js": {"lines":{"total":84,"covered":83,"skipped":0,"pct":98.8},"functions":{"total":14,"covered":13,"skipped":0,"pct":92.85},"statements":{"total":84,"covered":83,"skipped":0,"pct":98.8},"branches":{"total":20,"covered":20,"skipped":0,"pct":100}}
,"/media/srv-main-softdev/rnprivat/Thunderbird-Reply-with-Attachments/sources/app/application/usecases.js": {"lines":{"total":397,"covered":345,"skipped":0,"pct":86.9},"functions":{"total":37,"covered":31,"skipped":0,"pct":83.78},"statements":{"total":397,"covered":345,"skipped":0,"pct":86.9},"branches":{"total":123,"covered":92,"skipped":0,"pct":74.79}}
,"/media/srv-main-softdev/rnprivat/Thunderbird-Reply-with-Attachments/sources/app/domain/filters.js": {"lines":{"total":138,"covered":132,"skipped":0,"pct":95.65},"functions":{"total":10,"covered":10,"skipped":0,"pct":100},"statements":{"total":138,"covered":132,"skipped":0,"pct":95.65},"branches":{"total":50,"covered":44,"skipped":0,"pct":88}}
,"/media/srv-main-softdev/rnprivat/Thunderbird-Reply-with-Attachments/sources/app/shared/utils.js": {"lines":{"total":48,"covered":48,"skipped":0,"pct":100},"functions":{"total":4,"covered":4,"skipped":0,"pct":100},"statements":{"total":48,"covered":48,"skipped":0,"pct":100},"branches":{"total":18,"covered":15,"skipped":0,"pct":83.33}}
,"/media/srv-main-softdev/rnprivat/Thunderbird-Reply-with-Attachments/sources/content/confirm.js": {"lines":{"total":557,"covered":536,"skipped":0,"pct":96.22},"functions":{"total":35,"covered":34,"skipped":0,"pct":97.14},"statements":{"total":557,"covered":536,"skipped":0,"pct":96.22},"branches":{"total":151,"covered":101,"skipped":0,"pct":66.88}}
}
