TN:
SF:sources/background.js
FN:16,warnSafe
FN:24,bootstrapBackground
FN:45,ensureComposeForTab
FN:57,(anonymous_3)
FN:59,(anonymous_4)
FN:66,(anonymous_5)
FN:71,adoptApplicationWiring
FN:78,buildApplySettingsContext
FN:81,(anonymous_8)
FN:90,exposeTestingFacades
FN:93,(anonymous_10)
FN:101,(anonymous_11)
FN:124,applySettingsToOpenComposers
FN:140,listAllTabs
FN:150,resolveReplyCompose
FN:164,clearTabMarkers
FN:165,(anonymous_16)
FN:180,runEnsure
FN:184,(anonymous_18)
FN:197,settleAll
FN:211,createLoggingController
FN:218,refresh
FN:238,(anonymous_22)
FN:245,resolveLoggerFactory
FN:250,assignGlobalLogger
FN:254,logWarn
FN:274,registerApplySettingsListener
FN:285,(anonymous_27)
FN:296,(anonymous_28)
FN:314,extractTabId
FN:327,maybeReloadSettings
FN:330,(anonymous_31)
FN:336,maybeRefreshDebug
FN:340,(anonymous_33)
FN:344,registerDebugWatcher
FN:350,(anonymous_35)
FN:369,registerSettingsLifecycle
FN:376,(anonymous_37)
FN:377,(anonymous_38)
FN:392,initializeOrMigrateSettings
FN:403,readSchemaVersion
FN:414,seedDefaultsOnInstall
FN:432,migrateMissingDefaults
FN:444,onlyMissing
FN:454,createComposeStateChangedFacade
FN:455,onComposeStateChangedFacade
FN:464,createProcessReplyAttachmentsFacade
FN:467,(anonymous_47)
FN:468,(anonymous_48)
FN:471,(anonymous_49)
FN:472,(anonymous_50)
FN:478,setEnsureDelegate
FN:484,resolveNumericIdFn
FN:489,toNumericId
FN:497,makeSafeComposeDetailsGetter
FN:498,safeGetComposeDetails
FN:509,readDebugFlag
FN:518,makeLogger
FN:520,(anonymous_58)
FN:528,(anonymous_59)
FN:535,(anonymous_60)
FN:542,(anonymous_61)
FN:552,safe
FNF:63
FNH:53
FNDA:19,warnSafe
FNDA:45,bootstrapBackground
FNDA:5,ensureComposeForTab
FNDA:12,(anonymous_3)
FNDA:10,(anonymous_4)
FNDA:45,(anonymous_5)
FNDA:45,adoptApplicationWiring
FNDA:45,buildApplySettingsContext
FNDA:13,(anonymous_8)
FNDA:45,exposeTestingFacades
FNDA:0,(anonymous_10)
FNDA:0,(anonymous_11)
FNDA:57,applySettingsToOpenComposers
FNDA:57,listAllTabs
FNDA:15,resolveReplyCompose
FNDA:9,clearTabMarkers
FNDA:9,(anonymous_16)
FNDA:13,runEnsure
FNDA:3,(anonymous_18)
FNDA:54,settleAll
FNDA:45,createLoggingController
FNDA:10,refresh
FNDA:7,(anonymous_22)
FNDA:45,resolveLoggerFactory
FNDA:45,assignGlobalLogger
FNDA:7,logWarn
FNDA:45,registerApplySettingsListener
FNDA:21,(anonymous_27)
FNDA:5,(anonymous_28)
FNDA:7,extractTabId
FNDA:10,maybeReloadSettings
FNDA:0,(anonymous_31)
FNDA:10,maybeRefreshDebug
FNDA:0,(anonymous_33)
FNDA:45,registerDebugWatcher
FNDA:2,(anonymous_35)
FNDA:45,registerSettingsLifecycle
FNDA:2,(anonymous_37)
FNDA:0,(anonymous_38)
FNDA:2,initializeOrMigrateSettings
FNDA:2,readSchemaVersion
FNDA:1,seedDefaultsOnInstall
FNDA:1,migrateMissingDefaults
FNDA:2,onlyMissing
FNDA:45,createComposeStateChangedFacade
FNDA:8,onComposeStateChangedFacade
FNDA:45,createProcessReplyAttachmentsFacade
FNDA:0,(anonymous_47)
FNDA:0,(anonymous_48)
FNDA:0,(anonymous_49)
FNDA:0,(anonymous_50)
FNDA:45,setEnsureDelegate
FNDA:45,resolveNumericIdFn
FNDA:15,toNumericId
FNDA:45,makeSafeComposeDetailsGetter
FNDA:27,safeGetComposeDetails
FNDA:55,readDebugFlag
FNDA:8,makeLogger
FNDA:172,(anonymous_58)
FNDA:0,(anonymous_59)
FNDA:1,(anonymous_60)
FNDA:1,(anonymous_61)
FNDA:54,safe
DA:8,45
DA:17,19
DA:18,19
DA:24,45
DA:25,45
DA:26,45
DA:27,45
DA:29,45
DA:30,45
DA:32,45
DA:33,45
DA:35,45
DA:37,45
DA:46,5
DA:47,5
DA:48,5
DA:49,5
DA:50,4
DA:52,0
DA:56,45
DA:57,12
DA:59,10
DA:64,45
DA:66,45
DA:72,45
DA:73,45
DA:74,45
DA:75,45
DA:79,45
DA:81,13
DA:91,45
DA:92,45
DA:93,45
DA:94,0
DA:95,0
DA:97,45
DA:101,45
DA:125,57
DA:126,57
DA:127,54
DA:128,54
DA:129,15
DA:130,15
DA:131,9
DA:132,9
DA:134,54
DA:136,3
DA:141,57
DA:151,15
DA:152,15
DA:153,14
DA:154,14
DA:155,12
DA:156,15
DA:157,9
DA:165,9
DA:166,9
DA:167,9
DA:169,2
DA:181,13
DA:182,13
DA:183,13
DA:184,12
DA:185,3
DA:192,1
DA:193,1
DA:198,54
DA:200,7
DA:212,45
DA:213,45
DA:214,45
DA:215,45
DA:216,45
DA:219,10
DA:220,10
DA:221,10
DA:222,0
DA:223,0
DA:224,0
DA:225,0
DA:229,0
DA:230,0
DA:237,45
DA:239,7
DA:246,45
DA:247,45
DA:251,45
DA:255,7
DA:256,7
DA:278,45
DA:279,0
DA:280,0
DA:284,45
DA:285,45
DA:286,21
DA:287,18
DA:288,10
DA:289,10
DA:290,10
DA:291,10
DA:293,8
DA:294,7
DA:295,7
DA:296,5
DA:298,2
DA:299,2
DA:301,1
DA:304,1
DA:315,7
DA:316,2
DA:317,1
DA:318,1
DA:320,1
DA:328,10
DA:329,10
DA:330,10
DA:332,0
DA:337,10
DA:338,10
DA:339,10
DA:340,10
DA:345,45
DA:346,5
DA:347,5
DA:349,40
DA:350,40
DA:351,2
DA:352,2
DA:353,0
DA:356,1
DA:362,45
DA:370,45
DA:371,45
DA:372,9
DA:373,9
DA:375,36
DA:376,36
DA:377,2
DA:378,0
DA:382,1
DA:393,2
DA:394,2
DA:395,1
DA:396,1
DA:398,1
DA:399,1
DA:404,2
DA:405,2
DA:415,1
DA:421,1
DA:422,1
DA:423,1
DA:433,1
DA:439,1
DA:440,1
DA:441,1
DA:445,2
DA:446,2
DA:447,8
DA:449,2
DA:455,45
DA:456,8
DA:457,8
DA:458,7
DA:459,7
DA:460,6
DA:465,45
DA:467,0
DA:468,0
DA:471,0
DA:473,0
DA:479,45
DA:485,45
DA:486,45
DA:490,15
DA:498,45
DA:499,27
DA:500,27
DA:502,3
DA:510,55
DA:511,55
DA:512,55
DA:514,0
DA:519,8
DA:521,172
DA:522,0
DA:523,0
DA:529,0
DA:530,0
DA:536,1
DA:537,1
DA:543,1
DA:544,1
DA:553,54
DA:554,54
DA:556,2
LF:196
LH:173
BRDA:46,0,0,0
BRDA:46,0,1,5
BRDA:49,1,0,1
BRDA:49,1,1,4
BRDA:59,2,0,10
BRDA:59,2,1,0
BRDA:94,3,0,0
BRDA:94,3,1,0
BRDA:130,4,0,6
BRDA:130,4,1,9
BRDA:141,5,0,57
BRDA:141,5,1,1
BRDA:152,6,0,1
BRDA:152,6,1,14
BRDA:154,7,0,2
BRDA:154,7,1,12
BRDA:155,8,0,12
BRDA:155,8,1,0
BRDA:156,9,0,3
BRDA:156,9,1,12
BRDA:181,10,0,13
BRDA:181,10,1,0
BRDA:183,11,0,1
BRDA:183,11,1,12
BRDA:198,12,0,47
BRDA:198,12,1,7
BRDA:221,13,0,10
BRDA:221,13,1,0
BRDA:226,14,0,0
BRDA:226,14,1,0
BRDA:247,15,0,37
BRDA:247,15,1,8
BRDA:278,16,0,0
BRDA:278,16,1,45
BRDA:286,17,0,3
BRDA:286,17,1,18
BRDA:286,18,0,21
BRDA:286,18,1,20
BRDA:287,19,0,10
BRDA:287,19,1,8
BRDA:290,20,0,10
BRDA:290,20,1,0
BRDA:293,21,0,7
BRDA:293,21,1,1
BRDA:295,22,0,5
BRDA:295,22,1,2
BRDA:295,23,0,7
BRDA:295,23,1,7
BRDA:298,24,0,2
BRDA:298,24,1,0
BRDA:315,25,0,5
BRDA:315,25,1,2
BRDA:315,26,0,7
BRDA:315,26,1,7
BRDA:315,26,2,5
BRDA:316,27,0,1
BRDA:316,27,1,1
BRDA:316,28,0,2
BRDA:316,28,1,2
BRDA:318,29,0,1
BRDA:318,29,1,0
BRDA:328,30,0,0
BRDA:328,30,1,10
BRDA:337,31,0,0
BRDA:337,31,1,10
BRDA:339,32,0,10
BRDA:339,32,1,0
BRDA:339,33,0,10
BRDA:339,33,1,10
BRDA:345,34,0,5
BRDA:345,34,1,40
BRDA:351,35,0,0
BRDA:351,35,1,2
BRDA:352,36,0,2
BRDA:352,36,1,0
BRDA:352,37,0,2
BRDA:352,37,1,2
BRDA:371,38,0,9
BRDA:371,38,1,36
BRDA:394,39,0,1
BRDA:394,39,1,1
BRDA:398,40,0,1
BRDA:398,40,1,0
BRDA:398,41,0,1
BRDA:398,41,1,1
BRDA:405,42,0,2
BRDA:405,42,1,2
BRDA:422,43,0,1
BRDA:422,43,1,0
BRDA:440,44,0,1
BRDA:440,44,1,0
BRDA:447,45,0,5
BRDA:447,45,1,3
BRDA:457,46,0,1
BRDA:457,46,1,7
BRDA:459,47,0,1
BRDA:459,47,1,6
BRDA:460,48,0,6
BRDA:460,48,1,0
BRDA:467,49,0,0
BRDA:467,49,1,0
BRDA:479,50,0,45
BRDA:479,50,1,0
BRDA:486,51,0,36
BRDA:486,51,1,9
BRDA:490,52,0,5
BRDA:490,52,1,10
BRDA:492,53,0,10
BRDA:492,53,1,0
BRDA:492,54,0,10
BRDA:492,54,1,10
BRDA:511,55,0,55
BRDA:511,55,1,0
BRDA:521,56,0,172
BRDA:521,56,1,0
BRF:115
BRH:87
end_of_record
TN:
SF:sources/confirm_page.js
FN:7,(anonymous_0)
FN:28,readParams
FN:41,grabElements
FN:51,buildText
FN:58,i18n
FN:68,render
FN:76,wireEvents
FN:77,(anonymous_7)
FN:85,(anonymous_8)
FN:86,(anonymous_9)
FN:88,(anonymous_10)
FN:88,(anonymous_11)
FN:89,(anonymous_12)
FN:90,(anonymous_13)
FN:92,(anonymous_14)
FN:95,handleKeydown
FN:107,focusDefault
FN:121,defer
FNF:18
FNH:18
FNDA:17,(anonymous_0)
FNDA:17,readParams
FNDA:17,grabElements
FNDA:17,buildText
FNDA:68,i18n
FNDA:17,render
FNDA:17,wireEvents
FNDA:12,(anonymous_7)
FNDA:8,(anonymous_8)
FNDA:4,(anonymous_9)
FNDA:9,(anonymous_10)
FNDA:9,(anonymous_11)
FNDA:14,(anonymous_12)
FNDA:3,(anonymous_13)
FNDA:21,(anonymous_14)
FNDA:21,handleKeydown
FNDA:29,focusDefault
FNDA:12,defer
DA:7,17
DA:15,17
DA:16,17
DA:17,17
DA:21,17
DA:22,17
DA:23,17
DA:24,17
DA:29,17
DA:30,17
DA:42,17
DA:52,17
DA:59,68
DA:60,68
DA:62,50
DA:69,17
DA:70,17
DA:71,17
DA:77,17
DA:78,12
DA:79,12
DA:83,12
DA:85,17
DA:86,17
DA:87,17
DA:88,17
DA:89,17
DA:90,14
DA:92,21
DA:96,21
DA:97,2
DA:98,2
DA:99,2
DA:101,19
DA:102,7
DA:103,7
DA:108,29
DA:109,29
DA:113,29
DA:114,29
DA:115,29
DA:116,29
DA:122,12
LF:43
LH:43
BRDA:17,0,0,17
BRDA:17,0,1,16
BRDA:31,1,0,17
BRDA:31,1,1,1
BRDA:32,2,0,17
BRDA:32,2,1,1
BRDA:33,3,0,17
BRDA:33,3,1,15
BRDA:34,4,0,4
BRDA:34,4,1,13
BRDA:34,5,0,17
BRDA:34,5,1,1
BRDA:35,6,0,17
BRDA:35,6,1,1
BRDA:52,7,0,13
BRDA:52,7,1,4
BRDA:53,8,0,13
BRDA:53,8,1,11
BRDA:54,9,0,4
BRDA:54,9,1,1
BRDA:55,10,0,0
BRDA:55,10,1,1
BRDA:58,11,0,68
BRDA:60,12,0,68
BRDA:60,12,1,50
BRDA:60,12,2,0
BRDA:70,13,0,17
BRDA:70,13,1,11
BRDA:71,14,0,17
BRDA:71,14,1,11
BRDA:90,15,0,3
BRDA:90,15,1,11
BRDA:96,16,0,2
BRDA:96,16,1,19
BRDA:101,17,0,7
BRDA:101,17,1,12
BRDA:103,18,0,1
BRDA:103,18,1,6
BRDA:113,19,0,7
BRDA:113,19,1,22
BRDA:122,20,0,12
BRDA:122,20,1,0
BRF:42
BRH:39
end_of_record
TN:
SF:sources/donation_visibility.js
FN:10,(anonymous_0)
FN:19,i18n
FN:35,i18nFmt
FN:46,getSnoozeUntil
FN:55,_isSnoozed
FN:61,snooze90Days
FN:72,clearSnooze
FN:81,applyVisibility
FN:108,onSnoozeClick
FN:118,(anonymous_9)
FN:133,onShowAgainClick
FN:142,(anonymous_11)
FN:156,formatYMD
FN:163,init
FNF:14
FNH:13
FNDA:22,(anonymous_0)
FNDA:11,i18n
FNDA:13,i18nFmt
FNDA:32,getSnoozeUntil
FNDA:0,_isSnoozed
FNDA:6,snooze90Days
FNDA:4,clearSnooze
FNDA:32,applyVisibility
FNDA:6,onSnoozeClick
FNDA:1,(anonymous_9)
FNDA:4,onShowAgainClick
FNDA:1,(anonymous_11)
FNDA:13,formatYMD
FNDA:22,init
DA:10,22
DA:11,22
DA:12,22
DA:20,11
DA:21,11
DA:22,0
DA:26,1
DA:36,13
DA:37,13
DA:38,0
DA:42,1
DA:47,32
DA:48,32
DA:49,31
DA:51,1
DA:56,0
DA:57,0
DA:62,6
DA:63,6
DA:64,6
DA:66,1
DA:68,6
DA:73,4
DA:74,4
DA:76,0
DA:82,32
DA:83,32
DA:84,32
DA:85,32
DA:86,32
DA:87,32
DA:88,32
DA:89,32
DA:90,32
DA:91,32
DA:92,28
DA:93,13
DA:95,13
DA:98,13
DA:99,13
DA:101,15
DA:102,15
DA:109,6
DA:110,6
DA:111,6
DA:113,6
DA:114,6
DA:115,6
DA:116,6
DA:117,6
DA:118,6
DA:119,1
DA:120,1
DA:129,6
DA:134,4
DA:135,4
DA:136,4
DA:137,4
DA:138,4
DA:139,4
DA:140,4
DA:141,4
DA:142,4
DA:143,1
DA:144,1
DA:157,13
DA:158,13
DA:159,13
DA:160,13
DA:164,22
DA:165,22
DA:166,22
DA:167,22
DA:168,22
DA:171,22
DA:172,22
LF:76
LH:71
BRDA:21,0,0,11
BRDA:21,0,1,0
BRDA:21,1,0,11
BRDA:21,1,1,0
BRDA:22,2,0,0
BRDA:22,2,1,0
BRDA:22,3,0,0
BRDA:22,3,1,0
BRDA:37,4,0,13
BRDA:37,4,1,0
BRDA:37,5,0,13
BRDA:37,5,1,0
BRDA:38,6,0,0
BRDA:38,6,1,0
BRDA:38,7,0,0
BRDA:38,7,1,0
BRDA:49,8,0,31
BRDA:49,8,1,16
BRDA:57,9,0,0
BRDA:57,9,1,0
BRDA:83,10,0,32
BRDA:83,10,1,32
BRDA:88,11,0,32
BRDA:88,11,1,0
BRDA:88,12,0,15
BRDA:88,12,1,17
BRDA:89,13,0,32
BRDA:89,13,1,0
BRDA:89,14,0,15
BRDA:89,14,1,17
BRDA:90,15,0,28
BRDA:90,15,1,4
BRDA:90,16,0,13
BRDA:90,16,1,15
BRDA:91,17,0,28
BRDA:91,17,1,4
BRDA:92,18,0,13
BRDA:92,18,1,15
BRDA:92,19,0,28
BRDA:92,19,1,13
BRDA:95,20,0,13
BRDA:95,20,1,1
BRDA:95,20,2,1
BRDA:115,21,0,6
BRDA:115,21,1,0
BRDA:116,22,0,6
BRDA:116,22,1,0
BRDA:139,23,0,4
BRDA:139,23,1,0
BRDA:140,24,0,4
BRDA:140,24,1,0
BRDA:165,25,0,22
BRDA:165,25,1,0
BRDA:167,26,0,19
BRDA:167,26,1,3
BRDA:171,27,0,0
BRDA:171,27,1,22
BRF:57
BRH:35
end_of_record
TN:
SF:sources/handle_atn_link.js
FNF:0
FNH:0
DA:6,3
LF:1
LH:1
BRF:0
BRH:0
end_of_record
TN:
SF:sources/handle_docs_link.js
FNF:0
FNH:0
DA:6,4
LF:1
LH:1
BRF:0
BRH:0
end_of_record
TN:
SF:sources/handle_donate_link.js
FNF:0
FNH:0
DA:6,5
LF:1
LH:1
BRF:0
BRH:0
end_of_record
TN:
SF:sources/handle_github_link.js
FNF:0
FNH:0
DA:6,8
LF:1
LH:1
BRF:0
BRH:0
end_of_record
TN:
SF:sources/options.js
FN:10,(anonymous_0)
FN:23,getEl
FN:34,readTextareaLines
FN:39,(anonymous_3)
FN:48,setTextareaLines
FN:58,load
FN:116,save
FN:140,(anonymous_7)
FN:147,resetDefaults
FN:158,(anonymous_9)
FN:165,setStatus
FN:176,getMessage
FN:187,init
FN:188,(anonymous_13)
FN:192,(anonymous_14)
FNF:15
FNH:13
FNDA:13,(anonymous_0)
FNDA:75,getEl
FNDA:4,readTextareaLines
FNDA:6,(anonymous_3)
FNDA:13,setTextareaLines
FNDA:13,load
FNDA:4,save
FNDA:0,(anonymous_7)
FNDA:1,resetDefaults
FNDA:0,(anonymous_9)
FNDA:10,setStatus
FNDA:10,getMessage
FNDA:12,init
FNDA:4,(anonymous_13)
FNDA:1,(anonymous_14)
DA:10,13
DA:11,13
DA:12,13
DA:13,13
DA:14,13
DA:15,13
DA:16,13
DA:24,75
DA:35,4
DA:37,4
DA:39,6
DA:49,13
DA:50,13
DA:59,13
DA:60,13
DA:68,12
DA:69,13
DA:70,13
DA:71,13
DA:72,13
DA:73,13
DA:75,13
DA:77,13
DA:78,12
DA:80,13
DA:83,13
DA:85,13
DA:86,3
DA:88,9
DA:91,1
DA:92,1
DA:93,1
DA:94,1
DA:95,1
DA:97,1
DA:99,1
DA:101,1
DA:104,1
DA:106,1
DA:107,1
DA:117,4
DA:118,4
DA:120,4
DA:122,4
DA:123,4
DA:133,4
DA:135,4
DA:136,4
DA:138,1
DA:140,4
DA:148,1
DA:149,1
DA:156,1
DA:157,1
DA:158,1
DA:166,10
DA:167,10
DA:168,10
DA:177,10
DA:178,10
DA:179,2
DA:183,0
DA:188,12
DA:189,4
DA:190,4
DA:192,12
DA:193,1
DA:194,1
DA:196,12
DA:199,13
DA:200,11
LF:71
LH:70
BRDA:50,0,0,13
BRDA:50,0,1,0
BRDA:68,1,0,5
BRDA:68,1,1,7
BRDA:69,2,0,5
BRDA:69,2,1,7
BRDA:77,3,0,12
BRDA:77,3,1,1
BRDA:78,4,0,12
BRDA:78,4,1,7
BRDA:85,5,0,3
BRDA:85,5,1,9
BRDA:86,6,0,3
BRDA:86,6,1,0
BRDA:88,7,0,9
BRDA:88,7,1,0
BRDA:99,8,0,1
BRDA:99,8,1,0
BRDA:106,9,0,1
BRDA:106,9,1,0
BRDA:107,10,0,1
BRDA:107,10,1,0
BRDA:122,11,0,4
BRDA:122,11,1,3
BRDA:126,12,0,2
BRDA:126,12,1,2
BRDA:133,13,0,4
BRDA:133,13,1,3
BRDA:148,14,0,1
BRDA:148,14,1,1
BRDA:157,15,0,1
BRDA:157,15,1,1
BRDA:167,16,0,0
BRDA:167,16,1,10
BRDA:168,17,0,10
BRDA:168,17,1,0
BRDA:178,18,0,8
BRDA:178,18,1,2
BRDA:178,19,0,8
BRDA:178,19,1,8
BRDA:179,20,0,2
BRDA:179,20,1,0
BRDA:179,21,0,2
BRDA:179,21,1,0
BRDA:199,22,0,2
BRDA:199,22,1,11
BRF:46
BRH:36
end_of_record
TN:
SF:sources/shared_link_opener.js
FN:10,(anonymous_0)
FN:17,openHref
FN:34,bindOnReady
FN:35,(anonymous_3)
FN:38,(anonymous_4)
FNF:5
FNH:5
FNDA:26,(anonymous_0)
FNDA:25,openHref
FNDA:22,bindOnReady
FNDA:88,(anonymous_3)
FNDA:21,(anonymous_4)
DA:10,26
DA:18,25
DA:19,25
DA:21,22
DA:22,21
DA:23,21
DA:24,21
DA:26,4
DA:35,22
DA:36,88
DA:37,102
DA:38,102
DA:43,26
LF:13
LH:13
BRDA:19,0,0,3
BRDA:19,0,1,22
BRDA:19,1,0,25
BRDA:19,1,1,25
BRDA:21,2,0,1
BRDA:21,2,1,21
BRDA:38,3,0,28
BRDA:38,3,1,74
BRF:8
BRH:8
end_of_record
TN:
SF:sources/ui_i18n.js
FN:9,(anonymous_0)
FN:37,getMessage
FN:48,applyTextI18n
FN:49,(anonymous_3)
FN:58,applyAttributeI18n
FN:59,(anonymous_5)
FN:62,(anonymous_6)
FN:63,(anonymous_7)
FN:72,init
FNF:9
FNH:9
FNDA:10,(anonymous_0)
FNDA:52,getMessage
FNDA:9,applyTextI18n
FNDA:36,(anonymous_3)
FNDA:9,applyAttributeI18n
FNDA:15,(anonymous_5)
FNDA:16,(anonymous_6)
FNDA:32,(anonymous_7)
FNDA:9,init
DA:9,10
DA:11,10
DA:12,10
DA:17,10
DA:18,10
DA:23,10
DA:24,10
DA:25,10
DA:26,2
DA:38,52
DA:39,52
DA:40,14
DA:44,7
DA:49,9
DA:50,36
DA:51,36
DA:52,36
DA:53,36
DA:59,9
DA:60,15
DA:61,15
DA:62,15
DA:63,32
DA:64,16
DA:65,16
DA:66,16
DA:73,9
DA:74,9
DA:77,10
DA:78,1
DA:80,9
LF:31
LH:31
BRDA:19,0,0,10
BRDA:19,0,1,3
BRDA:19,0,2,2
BRDA:25,1,0,2
BRDA:25,1,1,8
BRDA:39,2,0,38
BRDA:39,2,1,14
BRDA:39,3,0,38
BRDA:39,3,1,1
BRDA:40,4,0,7
BRDA:40,4,1,7
BRDA:40,5,0,7
BRDA:40,5,1,0
BRDA:51,6,0,0
BRDA:51,6,1,36
BRDA:53,7,0,31
BRDA:53,7,1,5
BRDA:61,8,0,0
BRDA:61,8,1,15
BRDA:63,9,0,32
BRDA:63,9,1,32
BRDA:64,10,0,0
BRDA:64,10,1,16
BRDA:64,11,0,16
BRDA:64,11,1,16
BRDA:66,12,0,13
BRDA:66,12,1,3
BRDA:77,13,0,1
BRDA:77,13,1,9
BRF:29
BRH:25
end_of_record
TN:
SF:sources/app/composition.js
FN:13,(anonymous_0)
FN:19,(anonymous_1)
FN:21,(anonymous_2)
FN:32,warnSafe
FN:41,shouldAskHelper
FN:50,makeLocalLogger
FN:52,(anonymous_6)
FN:60,(anonymous_7)
FN:67,(anonymous_8)
FN:74,(anonymous_9)
FN:94,createAppWiring
FN:99,(anonymous_11)
FN:112,(anonymous_12)
FN:131,applySettings
FN:136,(anonymous_14)
FN:140,(anonymous_15)
FN:142,(anonymous_16)
FN:163,(anonymous_17)
FN:169,reloadSettings
FN:178,rebuildEnsure
FN:193,(anonymous_20)
FN:204,matchBlacklist
FN:206,(anonymous_22)
FN:227,warnBlacklisted
FN:245,confirmAddSelectedFiles
FN:249,(anonymous_25)
FN:258,shouldAsk
FN:268,applySettingsChange
FN:291,(anonymous_28)
FN:312,ensureConfirmScriptRegistered
FN:316,(anonymous_30)
FN:345,handleComposeStateChanged
FN:382,handleComposeBeforeSend
FN:419,handleTabRemoved
FN:433,(anonymous_34)
FN:450,ensureWrapper
FN:486,(anonymous_36)
FN:499,loadSettings
FN:512,readBlacklist
FN:521,readConfirmEnabled
FN:530,readConfirmDefault
FN:539,readWarnOnBlacklist
FNF:42
FNH:37
FNDA:118,(anonymous_0)
FNDA:66,(anonymous_1)
FNDA:275,(anonymous_2)
FNDA:2,warnSafe
FNDA:55,shouldAskHelper
FNDA:57,makeLocalLogger
FNDA:979,(anonymous_6)
FNDA:0,(anonymous_7)
FNDA:3,(anonymous_8)
FNDA:0,(anonymous_9)
FNDA:123,createAppWiring
FNDA:1247,(anonymous_11)
FNDA:70,(anonymous_12)
FNDA:136,applySettings
FNDA:0,(anonymous_14)
FNDA:18,(anonymous_15)
FNDA:18,(anonymous_16)
FNDA:123,(anonymous_17)
FNDA:13,reloadSettings
FNDA:266,rebuildEnsure
FNDA:529,(anonymous_20)
FNDA:9,matchBlacklist
FNDA:0,(anonymous_22)
FNDA:10,warnBlacklisted
FNDA:51,confirmAddSelectedFiles
FNDA:27,(anonymous_25)
FNDA:51,shouldAsk
FNDA:13,applySettingsChange
FNDA:15,(anonymous_28)
FNDA:123,ensureConfirmScriptRegistered
FNDA:2,(anonymous_30)
FNDA:56,handleComposeStateChanged
FNDA:5,handleComposeBeforeSend
FNDA:5,handleTabRemoved
FNDA:1,(anonymous_34)
FNDA:75,ensureWrapper
FNDA:0,(anonymous_36)
FNDA:136,loadSettings
FNDA:136,readBlacklist
FNDA:136,readConfirmEnabled
FNDA:136,readConfirmDefault
FNDA:136,readWarnOnBlacklist
DA:13,118
DA:14,118
DA:16,118
DA:19,118
DA:20,66
DA:21,118
DA:22,275
DA:33,2
DA:34,2
DA:42,55
DA:51,57
DA:53,979
DA:54,1
DA:55,1
DA:61,0
DA:62,0
DA:68,3
DA:69,3
DA:75,0
DA:76,0
DA:96,123
DA:97,123
DA:98,123
DA:99,123
DA:100,1247
DA:101,1247
DA:105,1247
DA:106,1247
DA:112,123
DA:113,70
DA:115,123
DA:118,123
DA:119,123
DA:120,123
DA:122,123
DA:123,123
DA:125,123
DA:132,136
DA:133,136
DA:135,136
DA:136,136
DA:137,136
DA:138,136
DA:140,18
DA:143,18
DA:144,18
DA:148,0
DA:150,136
DA:151,136
DA:152,136
DA:153,136
DA:163,123
DA:164,123
DA:165,123
DA:166,123
DA:170,13
DA:171,13
DA:172,13
DA:176,123
DA:179,266
DA:187,266
DA:193,529
DA:202,123
DA:205,9
DA:206,9
DA:207,9
DA:208,9
DA:209,9
DA:210,10
DA:211,10
DA:213,0
DA:216,9
DA:218,0
DA:219,0
DA:228,10
DA:229,10
DA:231,0
DA:233,10
DA:234,10
DA:236,1
DA:246,51
DA:247,51
DA:248,19
DA:249,27
DA:250,19
DA:259,51
DA:269,13
DA:270,2
DA:271,2
DA:272,2
DA:274,13
DA:275,3
DA:276,3
DA:278,13
DA:279,1
DA:281,13
DA:282,2
DA:283,2
DA:288,123
DA:290,118
DA:291,118
DA:292,15
DA:293,13
DA:294,15
DA:295,15
DA:296,15
DA:298,0
DA:302,1
DA:305,5
DA:313,123
DA:314,123
DA:315,123
DA:316,123
DA:317,115
DA:318,115
DA:321,115
DA:323,2
DA:326,6
DA:327,6
DA:331,6
DA:334,123
DA:346,56
DA:347,56
DA:351,56
DA:352,2
DA:356,2
DA:358,54
DA:360,54
DA:361,54
DA:363,2
DA:364,2
DA:366,52
DA:367,1
DA:368,1
DA:370,51
DA:371,56
DA:372,51
DA:374,123
DA:383,5
DA:384,5
DA:388,5
DA:389,1
DA:393,1
DA:395,4
DA:397,4
DA:398,4
DA:400,1
DA:401,1
DA:403,3
DA:404,1
DA:405,1
DA:407,2
DA:408,5
DA:409,2
DA:410,2
DA:412,123
DA:420,5
DA:421,5
DA:425,5
DA:426,1
DA:430,1
DA:432,4
DA:433,4
DA:435,0
DA:437,4
DA:438,4
DA:439,5
DA:441,123
DA:451,75
DA:452,75
DA:453,75
DA:454,0
DA:455,0
DA:456,0
DA:458,0
DA:460,0
DA:461,0
DA:462,0
DA:465,75
DA:466,0
DA:467,0
DA:469,75
DA:470,75
DA:471,75
DA:473,0
DA:474,0
DA:478,0
DA:479,0
DA:483,123
DA:484,123
DA:485,123
DA:486,123
DA:488,1
DA:490,123
DA:500,136
DA:506,136
DA:513,136
DA:514,136
DA:515,134
DA:517,2
DA:522,136
DA:523,136
DA:524,134
DA:526,2
DA:531,136
DA:532,136
DA:533,134
DA:535,2
DA:540,136
DA:541,136
DA:542,134
DA:544,2
DA:549,118
DA:550,118
DA:553,118
DA:562,118
DA:563,118
DA:568,118
DA:569,118
DA:570,118
LF:220
LH:196
BRDA:20,0,0,60
BRDA:20,0,1,6
BRDA:20,1,0,2
BRDA:20,1,1,4
BRDA:20,2,0,6
BRDA:20,2,1,2
BRDA:22,3,0,137
BRDA:22,3,1,138
BRDA:22,4,0,275
BRDA:22,4,1,275
BRDA:22,4,2,160
BRDA:24,5,0,7
BRDA:24,5,1,131
BRDA:24,6,0,138
BRDA:24,6,1,9
BRDA:42,7,0,55
BRDA:42,7,1,53
BRDA:42,8,0,55
BRDA:42,8,1,54
BRDA:53,9,0,1
BRDA:53,9,1,978
BRDA:97,10,0,123
BRDA:97,10,1,123
BRDA:97,10,2,71
BRDA:97,10,3,54
BRDA:113,11,0,2
BRDA:113,11,1,68
BRDA:113,12,0,70
BRDA:113,12,1,10
BRDA:113,12,2,2
BRDA:136,13,0,136
BRDA:136,13,1,0
BRDA:136,14,0,0
BRDA:136,14,1,0
BRDA:138,15,0,136
BRDA:138,15,1,0
BRDA:140,16,0,18
BRDA:140,16,1,0
BRDA:144,17,0,18
BRDA:144,17,1,0
BRDA:155,18,0,136
BRDA:155,18,1,0
BRDA:206,19,0,9
BRDA:206,19,1,0
BRDA:206,20,0,0
BRDA:206,20,1,0
BRDA:211,21,0,9
BRDA:211,21,1,1
BRDA:247,22,0,32
BRDA:247,22,1,19
BRDA:269,23,0,2
BRDA:269,23,1,11
BRDA:270,24,0,2
BRDA:270,24,1,0
BRDA:274,25,0,3
BRDA:274,25,1,10
BRDA:278,26,0,1
BRDA:278,26,1,12
BRDA:281,27,0,2
BRDA:281,27,1,11
BRDA:288,28,0,118
BRDA:288,28,1,5
BRDA:292,29,0,2
BRDA:292,29,1,13
BRDA:293,30,0,13
BRDA:293,30,1,0
BRDA:315,31,0,123
BRDA:315,31,1,0
BRDA:316,32,0,115
BRDA:316,32,1,2
BRDA:351,33,0,2
BRDA:351,33,1,54
BRDA:366,34,0,1
BRDA:366,34,1,51
BRDA:388,35,0,1
BRDA:388,35,1,4
BRDA:403,36,0,1
BRDA:403,36,1,2
BRDA:425,37,0,1
BRDA:425,37,1,4
BRDA:453,38,0,0
BRDA:453,38,1,75
BRDA:460,39,0,0
BRDA:460,39,1,0
BRDA:465,40,0,0
BRDA:465,40,1,75
BRDA:484,41,0,123
BRDA:484,41,1,0
BRDA:485,42,0,123
BRDA:485,42,1,0
BRDA:515,43,0,82
BRDA:515,43,1,52
BRDA:549,44,0,118
BRDA:549,44,1,0
BRDA:560,45,0,118
BRDA:560,45,1,0
BRDA:564,46,0,118
BRDA:564,46,1,118
BRDA:564,46,2,118
BRDA:568,47,0,118
BRDA:568,47,1,0
BRF:101
BRH:79
end_of_record
TN:
SF:sources/app/confirm_flow.js
FN:11,(anonymous_0)
FN:28,warnSafe
FN:42,ensureConfirmInjected
FN:43,(anonymous_3)
FN:81,askUserForConfirmation
FN:90,tryTargetedConfirm
FN:98,tryBroadcastConfirm
FN:106,isDecision
FN:110,askInPopup
FN:139,buildConfirmUrl
FN:157,waitForConfirm
FN:158,(anonymous_11)
FN:159,(anonymous_12)
FN:166,(anonymous_13)
FN:172,(anonymous_14)
FN:185,resolveConfirmOutcome
FN:200,forgetTab
FNF:17
FNH:17
FNDA:118,(anonymous_0)
FNDA:1,warnSafe
FNDA:33,ensureConfirmInjected
FNDA:33,(anonymous_3)
FNDA:19,askUserForConfirmation
FNDA:19,tryTargetedConfirm
FNDA:12,tryBroadcastConfirm
FNDA:35,isDecision
FNDA:10,askInPopup
FNDA:12,buildConfirmUrl
FNDA:15,waitForConfirm
FNDA:15,(anonymous_11)
FNDA:13,(anonymous_12)
FNDA:10,(anonymous_13)
FNDA:6,(anonymous_14)
FNDA:13,resolveConfirmOutcome
FNDA:4,forgetTab
DA:11,118
DA:17,118
DA:20,118
DA:29,1
DA:30,1
DA:43,33
DA:44,33
DA:45,33
DA:49,33
DA:50,33
DA:55,33
DA:56,33
DA:57,1
DA:58,1
DA:60,32
DA:61,31
DA:62,31
DA:64,1
DA:65,1
DA:69,1
DA:82,19
DA:83,19
DA:84,19
DA:85,12
DA:86,12
DA:87,10
DA:91,19
DA:92,19
DA:94,11
DA:99,12
DA:100,12
DA:102,9
DA:107,35
DA:111,10
DA:112,10
DA:113,10
DA:114,10
DA:115,10
DA:122,8
DA:123,8
DA:124,8
DA:126,1
DA:128,8
DA:130,2
DA:131,2
DA:135,2
DA:141,12
DA:142,12
DA:143,12
DA:144,12
DA:145,12
DA:146,12
DA:158,15
DA:159,15
DA:160,13
DA:161,13
DA:166,15
DA:167,10
DA:168,7
DA:169,7
DA:171,15
DA:172,15
DA:173,6
DA:174,6
DA:186,13
DA:187,6
DA:188,6
DA:192,13
DA:201,4
DA:204,118
DA:205,118
DA:219,118
DA:220,118
DA:225,118
LF:74
LH:74
BRDA:42,0,0,33
BRDA:56,1,0,1
BRDA:56,1,1,32
BRDA:84,2,0,7
BRDA:84,2,1,12
BRDA:86,3,0,2
BRDA:86,3,1,10
BRDA:107,4,0,35
BRDA:107,4,1,14
BRDA:123,5,0,8
BRDA:123,5,1,0
BRDA:123,6,0,8
BRDA:123,6,1,8
BRDA:141,7,0,12
BRDA:141,7,1,3
BRDA:141,7,2,9
BRDA:144,8,0,2
BRDA:144,8,1,10
BRDA:145,9,0,12
BRDA:145,9,1,0
BRDA:167,10,0,3
BRDA:167,10,1,7
BRDA:167,11,0,10
BRDA:167,11,1,9
BRDA:167,11,2,8
BRDA:169,12,0,6
BRDA:169,12,1,1
BRDA:186,13,0,7
BRDA:186,13,1,6
BRDA:190,14,0,6
BRDA:190,14,1,1
BRDA:204,15,0,118
BRDA:204,15,1,14
BRDA:221,16,0,118
BRDA:221,16,1,118
BRDA:221,16,2,118
BRDA:225,17,0,118
BRDA:225,17,1,0
BRF:38
BRH:35
end_of_record
TN:
SF:sources/app/adapters/thunderbird.js
FN:18,makeThunderbirdPorts
FN:24,(anonymous_1)
FN:27,(anonymous_2)
FN:30,(anonymous_3)
FN:39,(anonymous_4)
FN:42,(anonymous_5)
FN:47,(anonymous_6)
FN:55,(anonymous_7)
FN:58,(anonymous_8)
FN:61,(anonymous_9)
FN:69,(anonymous_10)
FN:76,(anonymous_11)
FN:79,(anonymous_12)
FN:82,(anonymous_13)
FN:85,(anonymous_14)
FNF:15
FNH:14
FNDA:126,makeThunderbirdPorts
FNDA:59,(anonymous_1)
FNDA:59,(anonymous_2)
FNDA:111,(anonymous_3)
FNDA:114,(anonymous_4)
FNDA:116,(anonymous_5)
FNDA:58,(anonymous_6)
FNDA:70,(anonymous_7)
FNDA:45,(anonymous_8)
FNDA:29,(anonymous_9)
FNDA:20,(anonymous_10)
FNDA:115,(anonymous_11)
FNDA:123,(anonymous_12)
FNDA:0,(anonymous_13)
FNDA:30,(anonymous_14)
DA:19,126
DA:25,59
DA:28,59
DA:31,111
DA:37,126
DA:40,114
DA:43,116
DA:48,58
DA:53,126
DA:56,70
DA:59,45
DA:62,29
DA:66,126
DA:70,20
DA:74,126
DA:77,115
DA:80,123
DA:83,0
DA:86,30
DA:87,30
DA:88,30
DA:96,126
DA:99,106
DA:100,106
LF:24
LH:23
BRDA:28,0,0,59
BRDA:28,0,1,1
BRDA:48,1,0,58
BRDA:48,1,1,9
BRDA:87,2,0,30
BRDA:87,2,1,0
BRDA:99,3,0,106
BRDA:99,3,1,32
BRF:8
BRH:7
end_of_record
TN:
SF:sources/app/application/usecases.js
FN:47,debugLog
FN:65,createProcessReplyAttachments
FN:68,(anonymous_2)
FN:69,(anonymous_3)
FN:70,(anonymous_4)
FN:76,processReplyAttachments
FN:160,loadAllAttachments
FN:164,(anonymous_7)
FN:189,getExistingAttachmentNames
FN:190,(anonymous_9)
FN:194,loadInlineCids
FN:195,(anonymous_11)
FN:197,(anonymous_12)
FN:202,(anonymous_13)
FN:207,askUserToConfirm
FN:212,attachSelectedFiles
FN:242,isEmpty
FN:251,createEnsureReplyAttachments
FN:257,(anonymous_18)
FN:258,(anonymous_19)
FN:259,(anonymous_20)
FN:278,ensureReplyAttachments
FN:289,(anonymous_22)
FN:342,(anonymous_23)
FN:367,(anonymous_24)
FN:372,(anonymous_25)
FN:394,wasAlreadyProcessed
FN:395,(anonymous_27)
FN:399,(anonymous_28)
FN:410,(anonymous_29)
FN:424,markProcessed
FN:426,(anonymous_31)
FN:432,isReply
FN:440,getStateEntry
FN:444,isProcessing
FN:448,isDoneForMessage
FN:454,markProcessing
FN:461,markDone
FN:468,updateStateMessage
FN:474,resetStateForNewMessage
FN:483,clearState
FN:487,waitForMessageId
FN:494,(anonymous_42)
FN:506,selectEligible
FN:543,computeBlacklistedRows
FN:568,makeNameSet
FN:570,(anonymous_46)
FN:574,asSelection
FN:579,delay
FN:580,(anonymous_49)
FN:585,normalizeRetryConfig
FN:608,safe
FN:616,extractMessageId
FN:630,normalizeMessageId
FNF:54
FNH:45
FNDA:429,debugLog
FNDA:311,createProcessReplyAttachments
FNDA:0,(anonymous_2)
FNDA:0,(anonymous_3)
FNDA:0,(anonymous_4)
FNDA:69,processReplyAttachments
FNDA:69,loadAllAttachments
FNDA:113,(anonymous_7)
FNDA:58,getExistingAttachmentNames
FNDA:58,(anonymous_9)
FNDA:58,loadInlineCids
FNDA:58,(anonymous_11)
FNDA:6,(anonymous_12)
FNDA:6,(anonymous_13)
FNDA:51,askUserToConfirm
FNDA:48,attachSelectedFiles
FNDA:127,isEmpty
FNDA:266,createEnsureReplyAttachments
FNDA:0,(anonymous_18)
FNDA:0,(anonymous_19)
FNDA:0,(anonymous_20)
FNDA:75,ensureReplyAttachments
FNDA:74,(anonymous_22)
FNDA:0,(anonymous_23)
FNDA:24,(anonymous_24)
FNDA:74,(anonymous_25)
FNDA:69,wasAlreadyProcessed
FNDA:69,(anonymous_27)
FNDA:0,(anonymous_28)
FNDA:1,(anonymous_29)
FNDA:45,markProcessed
FNDA:45,(anonymous_31)
FNDA:75,isReply
FNDA:436,getStateEntry
FNDA:73,isProcessing
FNDA:73,isDoneForMessage
FNDA:69,markProcessing
FNDA:45,markDone
FNDA:69,updateStateMessage
FNDA:74,resetStateForNewMessage
FNDA:24,clearState
FNDA:69,waitForMessageId
FNDA:0,(anonymous_42)
FNDA:58,selectEligible
FNDA:50,computeBlacklistedRows
FNDA:58,makeNameSet
FNDA:23,(anonymous_46)
FNDA:118,asSelection
FNDA:44,delay
FNDA:44,(anonymous_49)
FNDA:69,normalizeRetryConfig
FNDA:368,safe
FNDA:143,extractMessageId
FNDA:449,normalizeMessageId
DA:22,104
DA:32,104
DA:48,429
DA:49,429
DA:53,429
DA:54,429
DA:68,0
DA:69,0
DA:76,311
DA:77,69
DA:78,69
DA:79,69
DA:80,11
DA:85,11
DA:88,58
DA:91,58
DA:95,58
DA:96,50
DA:97,50
DA:104,50
DA:107,0
DA:111,58
DA:118,58
DA:119,1
DA:123,1
DA:124,1
DA:127,0
DA:130,58
DA:131,7
DA:136,7
DA:139,51
DA:140,51
DA:142,48
DA:144,0
DA:145,0
DA:149,0
DA:161,69
DA:162,69
DA:163,69
DA:164,113
DA:165,113
DA:166,58
DA:167,0
DA:172,58
DA:174,55
DA:175,44
DA:180,44
DA:183,55
DA:184,11
DA:185,11
DA:186,11
DA:190,58
DA:191,58
DA:195,58
DA:196,58
DA:198,6
DA:202,6
DA:204,58
DA:208,51
DA:220,48
DA:221,48
DA:222,115
DA:223,115
DA:224,114
DA:225,110
DA:226,108
DA:229,3
DA:230,3
DA:237,3
DA:240,48
DA:243,127
DA:257,0
DA:258,0
DA:265,266
DA:276,266
DA:278,266
DA:279,75
DA:280,1
DA:281,1
DA:284,74
DA:285,0
DA:286,0
DA:289,74
DA:290,74
DA:291,74
DA:292,74
DA:303,74
DA:304,74
DA:305,74
DA:306,1
DA:307,1
DA:309,73
DA:310,0
DA:311,0
DA:313,73
DA:314,4
DA:315,4
DA:318,69
DA:324,69
DA:329,69
DA:330,0
DA:331,0
DA:332,0
DA:335,69
DA:336,69
DA:338,69
DA:339,69
DA:340,0
DA:341,0
DA:342,0
DA:343,0
DA:346,69
DA:347,69
DA:353,69
DA:355,69
DA:356,45
DA:357,45
DA:358,45
DA:361,24
DA:366,24
DA:367,24
DA:370,74
DA:373,74
DA:377,74
DA:395,69
DA:396,69
DA:398,1
DA:399,0
DA:400,0
DA:404,1
DA:408,69
DA:409,1
DA:410,1
DA:411,1
DA:414,0
DA:425,45
DA:426,45
DA:434,75
DA:441,436
DA:445,73
DA:449,73
DA:450,73
DA:451,73
DA:455,69
DA:462,45
DA:469,69
DA:470,69
DA:471,69
DA:475,74
DA:476,74
DA:477,73
DA:478,73
DA:479,1
DA:484,24
DA:489,69
DA:490,69
DA:491,69
DA:492,69
DA:493,0
DA:494,0
DA:496,0
DA:507,58
DA:509,58
DA:510,58
DA:511,58
DA:512,58
DA:513,58
DA:514,287
DA:515,287
DA:516,276
DA:517,250
DA:518,250
DA:520,248
DA:521,287
DA:522,130
DA:523,130
DA:525,118
DA:529,287
DA:530,0
DA:531,0
DA:534,118
DA:535,118
DA:536,118
DA:537,118
DA:539,58
DA:546,50
DA:547,50
DA:548,271
DA:549,244
DA:550,244
DA:551,244
DA:552,242
DA:553,9
DA:554,271
DA:555,271
DA:556,271
DA:557,9
DA:559,50
DA:560,50
DA:561,9
DA:562,9
DA:564,50
DA:570,58
DA:571,58
DA:575,118
DA:580,44
DA:581,44
DA:586,69
DA:587,69
DA:590,69
DA:593,69
DA:597,69
DA:598,0
DA:609,368
DA:610,368
DA:612,0
DA:617,143
DA:623,143
DA:624,146
DA:625,146
DA:627,1
DA:631,449
DA:632,444
DA:633,15
DA:634,15
DA:635,15
DA:636,0
DA:637,0
DA:639,15
DA:642,104
DA:643,104
LF:231
LH:198
BRDA:68,0,0,0
BRDA:69,1,0,0
BRDA:70,2,0,0
BRDA:71,3,0,311
BRDA:72,4,0,311
BRDA:73,5,0,311
BRDA:74,6,0,311
BRDA:79,7,0,11
BRDA:79,7,1,58
BRDA:95,8,0,50
BRDA:95,8,1,8
BRDA:104,9,0,9
BRDA:104,9,1,41
BRDA:118,10,0,1
BRDA:118,10,1,57
BRDA:130,11,0,7
BRDA:130,11,1,51
BRDA:140,12,0,3
BRDA:140,12,1,48
BRDA:160,13,0,69
BRDA:165,14,0,58
BRDA:165,14,1,55
BRDA:165,15,0,113
BRDA:165,15,1,113
BRDA:166,16,0,0
BRDA:166,16,1,58
BRDA:174,17,0,44
BRDA:174,17,1,11
BRDA:183,18,0,0
BRDA:183,18,1,55
BRDA:184,19,0,11
BRDA:184,19,1,0
BRDA:196,20,0,58
BRDA:196,20,1,0
BRDA:198,21,0,6
BRDA:198,21,1,0
BRDA:202,22,0,6
BRDA:202,22,1,0
BRDA:218,23,0,48
BRDA:224,24,0,4
BRDA:224,24,1,110
BRDA:243,25,0,127
BRDA:243,25,1,127
BRDA:257,26,0,0
BRDA:258,27,0,0
BRDA:259,28,0,0
BRDA:260,29,0,266
BRDA:261,30,0,266
BRDA:262,31,0,266
BRDA:263,32,0,266
BRDA:279,33,0,1
BRDA:279,33,1,74
BRDA:284,34,0,0
BRDA:284,34,1,74
BRDA:291,35,0,74
BRDA:291,35,1,68
BRDA:305,36,0,1
BRDA:305,36,1,73
BRDA:305,37,0,74
BRDA:305,37,1,1
BRDA:309,38,0,0
BRDA:309,38,1,73
BRDA:313,39,0,4
BRDA:313,39,1,69
BRDA:329,40,0,0
BRDA:329,40,1,69
BRDA:339,41,0,0
BRDA:339,41,1,69
BRDA:355,42,0,45
BRDA:355,42,1,24
BRDA:396,43,0,68
BRDA:396,43,1,1
BRDA:398,44,0,0
BRDA:398,44,1,1
BRDA:404,45,0,1
BRDA:404,45,1,0
BRDA:404,46,0,1
BRDA:404,46,1,1
BRDA:408,47,0,0
BRDA:408,47,1,69
BRDA:409,48,0,1
BRDA:409,48,1,0
BRDA:409,49,0,1
BRDA:409,49,1,1
BRDA:414,50,0,0
BRDA:414,50,1,0
BRDA:434,51,0,75
BRDA:434,51,1,0
BRDA:441,52,0,436
BRDA:441,52,1,343
BRDA:449,53,0,0
BRDA:449,53,1,73
BRDA:451,54,0,73
BRDA:451,54,1,4
BRDA:470,55,0,69
BRDA:470,55,1,0
BRDA:476,56,0,1
BRDA:476,56,1,73
BRDA:478,57,0,1
BRDA:478,57,1,72
BRDA:478,58,0,73
BRDA:478,58,1,5
BRDA:478,58,2,5
BRDA:487,59,0,69
BRDA:487,60,0,69
BRDA:487,61,0,69
BRDA:492,62,0,69
BRDA:492,62,1,0
BRDA:507,63,0,58
BRDA:507,63,1,58
BRDA:515,64,0,11
BRDA:515,64,1,276
BRDA:516,65,0,26
BRDA:516,65,1,250
BRDA:517,66,0,0
BRDA:517,66,1,250
BRDA:518,67,0,2
BRDA:518,67,1,248
BRDA:518,68,0,250
BRDA:518,68,1,250
BRDA:520,69,0,248
BRDA:520,69,1,0
BRDA:520,69,2,0
BRDA:521,70,0,130
BRDA:521,70,1,157
BRDA:525,71,0,50
BRDA:525,71,1,68
BRDA:529,72,0,0
BRDA:529,72,1,287
BRDA:529,73,0,287
BRDA:529,73,1,67
BRDA:537,74,0,118
BRDA:537,74,1,0
BRDA:548,75,0,27
BRDA:548,75,1,244
BRDA:550,76,0,0
BRDA:550,76,1,244
BRDA:551,77,0,2
BRDA:551,77,1,242
BRDA:552,78,0,233
BRDA:552,78,1,9
BRDA:553,79,0,9
BRDA:553,79,1,0
BRDA:553,79,2,0
BRDA:554,80,0,271
BRDA:554,80,1,9
BRDA:555,81,0,9
BRDA:555,81,1,0
BRDA:570,82,0,58
BRDA:570,82,1,0
BRDA:575,83,0,118
BRDA:575,83,1,0
BRDA:581,84,0,44
BRDA:581,84,1,0
BRDA:586,85,0,69
BRDA:586,85,1,0
BRDA:586,86,0,69
BRDA:586,86,1,69
BRDA:587,87,0,69
BRDA:587,87,1,0
BRDA:590,88,0,69
BRDA:590,88,1,0
BRDA:593,89,0,69
BRDA:593,89,1,0
BRDA:594,90,0,69
BRDA:594,90,1,69
BRDA:625,91,0,142
BRDA:625,91,1,4
BRDA:631,92,0,5
BRDA:631,92,1,444
BRDA:632,93,0,429
BRDA:632,93,1,15
BRDA:632,94,0,444
BRDA:632,94,1,429
BRDA:634,95,0,0
BRDA:634,95,1,15
BRDA:635,96,0,0
BRDA:635,96,1,15
BRDA:637,97,0,0
BRDA:637,97,1,0
BRDA:642,98,0,104
BRDA:642,98,1,0
BRF:182
BRH:135
end_of_record
TN:
SF:sources/app/domain/filters.js
FN:10,lower
FN:15,normalizedName
FN:28,isSmime
FN:40,isImage
FN:45,stripAngleBrackets
FN:66,collectInlineCids
FN:80,isReferencedInline
FN:95,isInlineImage
FN:102,isInlineDisposition
FN:113,includeStrict
FN:124,includeRelaxed
FN:154,globToRegExp
FN:206,makeNameExcluder
FN:208,(anonymous_13)
FN:214,(anonymous_14)
FN:215,shouldExclude
FN:219,(anonymous_16)
FNF:17
FNH:17
FNDA:3385,lower
FNDA:1129,normalizedName
FNDA:567,isSmime
FNDA:557,isImage
FNDA:95,stripAngleBrackets
FNDA:63,collectInlineCids
FNDA:72,isReferencedInline
FNDA:557,isInlineImage
FNDA:526,isInlineDisposition
FNDA:284,includeStrict
FNDA:278,includeRelaxed
FNDA:41,globToRegExp
FNDA:264,makeNameExcluder
FNDA:23,(anonymous_13)
FNDA:23,(anonymous_14)
FNDA:536,shouldExclude
FNDA:47,(anonymous_16)
DA:11,3385
DA:16,1129
DA:17,1129
DA:18,1129
DA:23,1129
DA:24,1129
DA:29,567
DA:30,567
DA:31,567
DA:41,557
DA:46,95
DA:67,63
DA:68,63
DA:69,63
DA:70,11
DA:72,11
DA:73,27
DA:74,27
DA:76,11
DA:81,72
DA:82,68
DA:83,72
DA:96,557
DA:97,72
DA:98,21
DA:103,526
DA:104,526
DA:114,284
DA:115,280
DA:116,255
DA:117,253
DA:125,278
DA:126,273
DA:127,248
DA:128,246
DA:132,108
DA:133,108
DA:156,41
DA:158,41
DA:159,41
DA:160,41
DA:161,41
DA:162,231
DA:164,231
DA:165,2
DA:166,2
DA:167,2
DA:169,0
DA:171,2
DA:172,2
DA:174,229
DA:176,42
DA:177,1
DA:178,1
DA:179,1
DA:181,41
DA:182,41
DA:183,41
DA:185,187
DA:186,0
DA:187,0
DA:188,0
DA:190,187
DA:191,1
DA:192,1
DA:193,1
DA:194,1
DA:195,1
DA:198,186
DA:199,186
DA:202,41
DA:207,264
DA:209,23
DA:214,23
DA:215,264
DA:217,536
DA:218,536
DA:219,536
DA:223,108
LF:79
LH:75
BRDA:11,0,0,3385
BRDA:11,0,1,592
BRDA:16,1,0,1129
BRDA:16,1,1,12
BRDA:16,1,2,11
BRDA:18,2,0,1129
BRDA:18,2,1,0
BRDA:32,3,0,567
BRDA:32,3,1,557
BRDA:32,3,2,556
BRDA:32,3,3,555
BRDA:46,4,0,95
BRDA:46,4,1,9
BRDA:68,5,0,63
BRDA:68,5,1,52
BRDA:69,6,0,52
BRDA:69,6,1,11
BRDA:74,7,0,27
BRDA:74,7,1,0
BRDA:81,8,0,4
BRDA:81,8,1,68
BRDA:81,9,0,72
BRDA:81,9,1,68
BRDA:83,10,0,72
BRDA:83,10,1,59
BRDA:96,11,0,485
BRDA:96,11,1,72
BRDA:97,12,0,51
BRDA:97,12,1,21
BRDA:114,13,0,4
BRDA:114,13,1,280
BRDA:115,14,0,25
BRDA:115,14,1,255
BRDA:116,15,0,2
BRDA:116,15,1,253
BRDA:125,16,0,5
BRDA:125,16,1,273
BRDA:126,17,0,25
BRDA:126,17,1,248
BRDA:127,18,0,2
BRDA:127,18,1,246
BRDA:132,19,0,108
BRDA:132,19,1,7
BRDA:164,20,0,2
BRDA:164,20,1,229
BRDA:164,21,0,231
BRDA:164,21,1,2
BRDA:166,22,0,2
BRDA:166,22,1,0
BRDA:166,23,0,2
BRDA:166,23,1,1
BRDA:174,24,0,42
BRDA:174,24,1,187
BRDA:176,25,0,1
BRDA:176,25,1,41
BRDA:185,26,0,0
BRDA:185,26,1,187
BRDA:190,27,0,1
BRDA:190,27,1,186
BRDA:192,28,0,1
BRDA:192,28,1,0
BRDA:207,29,0,264
BRDA:207,29,1,0
BRDA:209,30,0,23
BRDA:209,30,1,0
BRDA:218,31,0,0
BRDA:218,31,1,536
BRF:67
BRH:59
end_of_record
TN:
SF:sources/app/shared/utils.js
FN:6,(anonymous_0)
FN:12,toNumericId
FN:21,yesNo
FN:30,makeLogger
FN:32,(anonymous_4)
FN:33,(anonymous_5)
FNF:6
FNH:6
FNDA:65,(anonymous_0)
FNDA:15,toNumericId
FNDA:142,yesNo
FNDA:96,makeLogger
FNDA:384,(anonymous_4)
FNDA:966,(anonymous_5)
DA:6,65
DA:13,15
DA:22,142
DA:32,96
DA:33,384
DA:34,966
DA:35,966
DA:36,966
DA:41,96
DA:48,65
DA:49,65
LF:11
LH:11
BRDA:13,0,0,3
BRDA:13,0,1,12
BRDA:13,1,0,6
BRDA:13,1,1,6
BRDA:13,2,0,12
BRDA:13,2,1,9
BRDA:22,3,0,2
BRDA:22,3,1,140
BRDA:22,4,0,142
BRDA:22,4,1,43
BRDA:35,5,0,0
BRDA:35,5,1,966
BRDA:35,6,0,966
BRDA:35,6,1,0
BRDA:48,7,0,65
BRDA:48,7,1,63
BRF:16
BRH:14
end_of_record
TN:
SF:sources/content/confirm.js
FN:7,(anonymous_0)
FN:29,handleConfirmMessage
FN:44,notifyBackgroundReady
FN:49,(anonymous_3)
FN:53,(anonymous_4)
FN:78,isConfirmPayload
FN:86,toFileList
FN:94,defaultAnswer
FN:100,buildConfirmationText
FN:113,i18n
FN:123,fallbackEnglish
FN:131,showDialogAndReturnResult
FN:141,showWarningDialog
FN:147,(anonymous_13)
FN:183,(anonymous_14)
FN:213,(anonymous_15)
FN:221,(anonymous_16)
FN:240,(anonymous_17)
FN:256,(anonymous_18)
FN:266,renderDialogInDocument
FN:267,(anonymous_20)
FN:280,(anonymous_21)
FN:288,(anonymous_22)
FN:289,(anonymous_23)
FN:296,createOverlay
FN:313,createDialogBox
FN:324,createHeader
FN:337,createButtons
FN:350,(anonymous_28)
FN:358,(anonymous_29)
FN:391,assembleDialog
FN:415,blockBackgroundInteractions
FN:418,(anonymous_32)
FN:427,(anonymous_33)
FN:437,trapFocus
FN:438,(anonymous_35)
FN:468,(anonymous_36)
FN:477,refocusIfEditorStealsFocus
FN:478,(anonymous_38)
FN:483,(anonymous_39)
FN:492,preventScrollAndFocusDialog
FN:494,(anonymous_41)
FN:509,focusDefault
FN:517,clickFirst
FN:525,clickLast
FN:537,focusNext
FN:555,snapshotDocumentState
FN:563,restoreDocumentState
FN:577,disableEditing
FN:606,prefersDark
FN:614,stylePrimaryButton
FN:624,(anonymous_51)
FN:625,(anonymous_52)
FN:628,openUrlInBackground
FN:642,isDonateSnoozed
FNF:55
FNH:49
FNDA:12,(anonymous_0)
FNDA:21,handleConfirmMessage
FNDA:12,notifyBackgroundReady
FNDA:1,(anonymous_3)
FNDA:0,(anonymous_4)
FNDA:21,isConfirmPayload
FNDA:18,toFileList
FNDA:18,defaultAnswer
FNDA:18,buildConfirmationText
FNDA:111,i18n
FNDA:18,fallbackEnglish
FNDA:20,showDialogAndReturnResult
FNDA:3,showWarningDialog
FNDA:3,(anonymous_13)
FNDA:4,(anonymous_14)
FNDA:0,(anonymous_15)
FNDA:3,(anonymous_16)
FNDA:4,(anonymous_17)
FNDA:2,(anonymous_18)
FNDA:18,renderDialogInDocument
FNDA:18,(anonymous_20)
FNDA:18,(anonymous_21)
FNDA:7,(anonymous_22)
FNDA:11,(anonymous_23)
FNDA:21,createOverlay
FNDA:21,createDialogBox
FNDA:21,createHeader
FNDA:18,createButtons
FNDA:0,(anonymous_28)
FNDA:18,(anonymous_29)
FNDA:21,assembleDialog
FNDA:21,blockBackgroundInteractions
FNDA:47,(anonymous_32)
FNDA:22,(anonymous_33)
FNDA:21,trapFocus
FNDA:20,(anonymous_35)
FNDA:22,(anonymous_36)
FNDA:21,refocusIfEditorStealsFocus
FNDA:53,(anonymous_38)
FNDA:22,(anonymous_39)
FNDA:21,preventScrollAndFocusDialog
FNDA:21,(anonymous_41)
FNDA:43,focusDefault
FNDA:6,clickFirst
FNDA:5,clickLast
FNDA:9,focusNext
FNDA:21,snapshotDocumentState
FNDA:22,restoreDocumentState
FNDA:21,disableEditing
FNDA:45,prefersDark
FNDA:21,stylePrimaryButton
FNDA:0,(anonymous_51)
FNDA:0,(anonymous_52)
FNDA:0,openUrlInBackground
FNDA:21,isDonateSnoozed
DA:7,12
DA:15,12
DA:16,12
DA:18,1
DA:21,12
DA:22,12
DA:30,21
DA:31,21
DA:32,18
DA:33,18
DA:34,18
DA:35,18
DA:37,3
DA:38,3
DA:39,3
DA:45,12
DA:46,12
DA:47,12
DA:48,1
DA:49,1
DA:50,1
DA:51,1
DA:52,1
DA:53,1
DA:58,1
DA:59,1
DA:60,1
DA:61,1
DA:64,0
DA:65,0
DA:67,0
DA:68,0
DA:69,0
DA:71,0
DA:74,0
DA:79,21
DA:87,18
DA:95,18
DA:101,18
DA:102,18
DA:103,18
DA:105,18
DA:108,18
DA:109,18
DA:114,111
DA:115,111
DA:116,0
DA:120,0
DA:124,18
DA:132,20
DA:133,20
DA:137,2
DA:142,3
DA:143,3
DA:145,0
DA:147,3
DA:148,3
DA:149,3
DA:150,3
DA:151,3
DA:152,3
DA:153,3
DA:154,3
DA:158,3
DA:159,3
DA:160,3
DA:161,3
DA:163,3
DA:164,3
DA:165,3
DA:166,3
DA:167,3
DA:168,3
DA:169,3
DA:170,6
DA:171,6
DA:172,6
DA:173,6
DA:174,6
DA:175,6
DA:176,6
DA:177,6
DA:178,6
DA:180,3
DA:181,3
DA:182,3
DA:183,3
DA:184,4
DA:185,4
DA:186,4
DA:187,4
DA:188,4
DA:189,4
DA:190,4
DA:191,4
DA:192,4
DA:193,4
DA:194,4
DA:195,4
DA:196,4
DA:197,4
DA:199,3
DA:201,3
DA:202,3
DA:203,3
DA:204,3
DA:205,3
DA:206,3
DA:208,3
DA:209,3
DA:210,3
DA:211,3
DA:212,3
DA:213,1
DA:214,0
DA:215,0
DA:218,2
DA:221,3
DA:222,3
DA:223,3
DA:224,3
DA:230,3
DA:231,3
DA:232,3
DA:233,3
DA:234,3
DA:235,3
DA:236,3
DA:237,3
DA:238,3
DA:240,3
DA:241,4
DA:242,4
DA:243,4
DA:244,4
DA:245,4
DA:246,4
DA:248,3
DA:249,3
DA:250,3
DA:251,3
DA:252,3
DA:253,3
DA:254,3
DA:255,3
DA:256,3
DA:257,2
DA:258,1
DA:259,1
DA:267,18
DA:268,18
DA:269,18
DA:270,18
DA:271,18
DA:272,18
DA:276,18
DA:277,18
DA:278,18
DA:279,18
DA:280,18
DA:281,18
DA:282,18
DA:283,18
DA:284,18
DA:285,18
DA:286,18
DA:288,18
DA:289,18
DA:290,18
DA:297,21
DA:298,21
DA:299,21
DA:300,21
DA:301,21
DA:302,21
DA:303,21
DA:304,21
DA:307,21
DA:308,21
DA:309,21
DA:310,21
DA:314,21
DA:315,21
DA:316,21
DA:317,21
DA:318,21
DA:319,21
DA:320,21
DA:321,21
DA:325,21
DA:326,21
DA:327,21
DA:328,21
DA:329,21
DA:330,21
DA:331,21
DA:332,21
DA:333,21
DA:334,21
DA:338,18
DA:339,18
DA:340,18
DA:341,18
DA:342,18
DA:343,18
DA:345,18
DA:346,18
DA:347,18
DA:348,18
DA:349,18
DA:350,0
DA:351,0
DA:352,0
DA:355,18
DA:358,18
DA:359,18
DA:360,18
DA:361,18
DA:366,18
DA:367,18
DA:369,18
DA:370,18
DA:371,18
DA:372,18
DA:373,18
DA:374,18
DA:375,18
DA:376,18
DA:377,18
DA:378,18
DA:379,18
DA:380,18
DA:381,18
DA:382,18
DA:383,18
DA:384,18
DA:385,18
DA:387,18
DA:388,18
DA:392,21
DA:393,21
DA:394,21
DA:399,12
DA:416,21
DA:417,21
DA:418,21
DA:419,47
DA:420,47
DA:421,6
DA:422,6
DA:425,21
DA:426,294
DA:427,21
DA:428,22
DA:429,308
DA:430,308
DA:438,21
DA:439,20
DA:440,20
DA:441,3
DA:442,3
DA:443,3
DA:445,17
DA:446,3
DA:447,3
DA:448,3
DA:450,14
DA:451,6
DA:452,6
DA:454,14
DA:455,2
DA:456,2
DA:458,14
DA:459,1
DA:460,1
DA:462,14
DA:463,5
DA:464,5
DA:467,21
DA:468,21
DA:469,22
DA:470,22
DA:478,21
DA:479,53
DA:480,53
DA:482,21
DA:483,21
DA:484,22
DA:485,22
DA:493,21
DA:494,21
DA:495,21
DA:496,21
DA:500,21
DA:510,43
DA:511,43
DA:518,6
DA:519,6
DA:526,5
DA:527,5
DA:538,9
DA:539,9
DA:546,9
DA:547,9
DA:556,21
DA:564,22
DA:565,22
DA:566,22
DA:570,22
DA:571,22
DA:578,21
DA:579,21
DA:583,21
DA:584,21
DA:590,12
DA:591,12
DA:592,12
DA:607,45
DA:608,45
DA:610,0
DA:615,21
DA:616,21
DA:617,21
DA:618,21
DA:619,21
DA:620,21
DA:621,21
DA:622,21
DA:623,21
DA:624,21
DA:625,21
DA:629,0
DA:630,0
DA:632,0
DA:633,0
DA:635,0
DA:641,12
DA:643,21
DA:644,21
DA:645,21
DA:646,21
DA:648,0
LF:342
LH:320
BRDA:30,0,0,0
BRDA:30,0,1,21
BRDA:31,1,0,18
BRDA:31,1,1,3
BRDA:37,2,0,3
BRDA:37,2,1,0
BRDA:38,3,0,3
BRDA:38,3,1,0
BRDA:45,4,0,12
BRDA:45,4,1,1
BRDA:47,5,0,11
BRDA:47,5,1,1
BRDA:50,6,0,0
BRDA:50,6,1,1
BRDA:59,7,0,1
BRDA:59,7,1,0
BRDA:59,8,0,1
BRDA:59,8,1,1
BRDA:60,9,0,1
BRDA:60,9,1,0
BRDA:68,10,0,0
BRDA:68,10,1,0
BRDA:79,11,0,21
BRDA:79,11,1,21
BRDA:87,12,0,18
BRDA:87,12,1,0
BRDA:95,13,0,6
BRDA:95,13,1,12
BRDA:103,14,0,0
BRDA:103,14,1,18
BRDA:105,15,0,18
BRDA:105,15,1,0
BRDA:108,16,0,0
BRDA:108,16,1,18
BRDA:113,17,0,111
BRDA:115,18,0,111
BRDA:115,18,1,0
BRDA:115,19,0,111
BRDA:115,19,1,94
BRDA:116,20,0,0
BRDA:116,20,1,0
BRDA:116,21,0,0
BRDA:116,21,1,0
BRDA:124,22,0,18
BRDA:124,22,1,0
BRDA:126,23,0,0
BRDA:126,23,1,0
BRDA:133,24,0,18
BRDA:133,24,1,2
BRDA:143,25,0,0
BRDA:143,25,1,3
BRDA:152,26,0,3
BRDA:152,26,1,0
BRDA:159,27,0,3
BRDA:159,27,1,0
BRDA:169,28,0,3
BRDA:169,28,1,0
BRDA:169,29,0,3
BRDA:169,29,1,0
BRDA:173,30,0,0
BRDA:173,30,1,6
BRDA:177,31,0,0
BRDA:177,31,1,6
BRDA:183,32,0,3
BRDA:183,32,1,0
BRDA:186,33,0,4
BRDA:186,33,1,0
BRDA:189,34,0,0
BRDA:189,34,1,4
BRDA:191,35,0,4
BRDA:191,35,1,0
BRDA:194,36,0,0
BRDA:194,36,1,4
BRDA:209,37,0,3
BRDA:209,37,1,2
BRDA:211,38,0,3
BRDA:211,38,1,2
BRDA:212,39,0,1
BRDA:212,39,1,2
BRDA:224,40,0,1
BRDA:224,40,1,2
BRDA:231,41,0,3
BRDA:231,41,1,0
BRDA:257,42,0,1
BRDA:257,42,1,1
BRDA:257,43,0,2
BRDA:257,43,1,1
BRDA:273,44,0,18
BRDA:273,44,1,18
BRDA:274,45,0,18
BRDA:274,45,1,18
BRDA:306,46,0,0
BRDA:306,46,1,21
BRDA:316,47,0,0
BRDA:316,47,1,21
BRDA:317,48,0,0
BRDA:317,48,1,21
BRDA:318,49,0,0
BRDA:318,49,1,21
BRDA:346,50,0,18
BRDA:346,50,1,18
BRDA:348,51,0,18
BRDA:348,51,1,18
BRDA:349,52,0,0
BRDA:349,52,1,18
BRDA:361,53,0,0
BRDA:361,53,1,18
BRDA:420,54,0,6
BRDA:420,54,1,41
BRDA:439,55,0,20
BRDA:439,55,1,0
BRDA:440,56,0,3
BRDA:440,56,1,17
BRDA:440,57,0,20
BRDA:440,57,1,18
BRDA:445,58,0,3
BRDA:445,58,1,14
BRDA:445,59,0,17
BRDA:445,59,1,15
BRDA:450,60,0,6
BRDA:450,60,1,8
BRDA:454,61,0,2
BRDA:454,61,1,12
BRDA:454,62,0,14
BRDA:454,62,1,13
BRDA:458,63,0,1
BRDA:458,63,1,13
BRDA:458,64,0,14
BRDA:458,64,1,13
BRDA:462,65,0,5
BRDA:462,65,1,9
BRDA:464,66,0,3
BRDA:464,66,1,2
BRDA:480,67,0,22
BRDA:480,67,1,31
BRDA:480,68,0,53
BRDA:480,68,1,38
BRDA:511,69,0,13
BRDA:511,69,1,30
BRDA:539,70,0,3
BRDA:539,70,1,6
BRDA:540,71,0,1
BRDA:540,71,1,2
BRDA:543,72,0,3
BRDA:543,72,1,3
BRDA:590,73,0,12
BRDA:590,73,1,12
BRDA:591,74,0,12
BRDA:591,74,1,12
BRDA:608,75,0,45
BRDA:608,75,1,0
BRDA:630,76,0,0
BRDA:630,76,1,0
BRDA:633,77,0,0
BRDA:633,77,1,0
BRDA:645,78,0,21
BRDA:645,78,1,20
BRDA:646,79,0,21
BRDA:646,79,1,21
BRF:159
BRH:114
end_of_record
