TN:
SF:sources/background.js
FN:33,initializeOrMigrateSettings
FN:51,readSchemaVersion
FN:55,seedDefaultsOnInstall
FN:66,migrateMissingDefaults
FN:77,onlyMissing
FN:92,globalThis.ensureReplyAttachments
FN:96,globalThis.processReplyAttachments
FN:106,listAttachments
FN:107,addAttachment
FN:110,listAttachments
FN:111,getAttachmentFile
FN:121,readDebugFlag
FN:134,makeLogger
FN:136,debug
FN:143,info
FN:148,warn
FN:153,error
FN:161,toNumericId
FN:169,safeGetComposeDetails
FN:181,onComposeStateChangedFacade
FN:192,applySettingsToOpenComposers
FN:217,registerApplySettingsListener
FNF:22
FNH:13
FNDA:2,initializeOrMigrateSettings
FNDA:2,readSchemaVersion
FNDA:1,seedDefaultsOnInstall
FNDA:1,migrateMissingDefaults
FNDA:2,onlyMissing
FNDA:0,globalThis.ensureReplyAttachments
FNDA:0,globalThis.processReplyAttachments
FNDA:0,listAttachments
FNDA:0,addAttachment
FNDA:0,listAttachments
FNDA:0,getAttachmentFile
FNDA:9,readDebugFlag
FNDA:6,makeLogger
FNDA:6,debug
FNDA:0,info
FNDA:0,warn
FNDA:0,error
FNDA:10,toNumericId
FNDA:11,safeGetComposeDetails
FNDA:5,onComposeStateChangedFacade
FNDA:3,applySettingsToOpenComposers
FNDA:9,registerApplySettingsListener
DA:1,1
DA:2,1
DA:3,1
DA:4,1
DA:5,1
DA:6,1
DA:7,1
DA:8,1
DA:9,1
DA:11,1
DA:12,9
DA:13,9
DA:14,9
DA:15,9
DA:16,9
DA:18,9
DA:19,9
DA:20,9
DA:21,9
DA:22,2
DA:23,2
DA:24,2
DA:25,9
DA:27,9
DA:28,9
DA:29,9
DA:30,9
DA:31,9
DA:32,9
DA:33,9
DA:34,2
DA:35,2
DA:36,2
DA:37,2
DA:38,2
DA:39,2
DA:41,2
DA:42,2
DA:43,1
DA:44,1
DA:45,1
DA:46,2
DA:47,1
DA:48,1
DA:49,2
DA:51,9
DA:52,2
DA:53,2
DA:54,2
DA:55,9
DA:56,1
DA:57,1
DA:58,1
DA:59,1
DA:60,1
DA:61,1
DA:62,1
DA:63,1
DA:64,1
DA:65,1
DA:66,9
DA:67,1
DA:68,1
DA:69,1
DA:70,1
DA:71,1
DA:72,1
DA:73,1
DA:74,1
DA:75,1
DA:76,1
DA:77,9
DA:78,2
DA:79,2
DA:80,2
DA:81,8
DA:82,8
DA:83,2
DA:84,2
DA:85,9
DA:87,9
DA:88,9
DA:89,9
DA:90,9
DA:91,9
DA:92,9
DA:93,0
DA:94,9
DA:95,9
DA:96,9
DA:98,9
DA:99,9
DA:100,9
DA:101,9
DA:102,9
DA:103,9
DA:104,9
DA:105,9
DA:106,9
DA:107,9
DA:108,9
DA:109,9
DA:110,9
DA:111,9
DA:112,9
DA:113,9
DA:115,9
DA:117,9
DA:118,9
DA:119,9
DA:120,9
DA:121,9
DA:122,9
DA:123,9
DA:124,9
DA:125,9
DA:126,0
DA:127,0
DA:128,9
DA:129,9
DA:130,9
DA:131,9
DA:132,9
DA:133,9
DA:134,9
DA:135,6
DA:136,6
DA:137,6
DA:138,0
DA:139,0
DA:140,0
DA:141,0
DA:142,6
DA:143,6
DA:144,0
DA:145,0
DA:146,0
DA:147,6
DA:148,6
DA:149,0
DA:150,0
DA:151,0
DA:152,6
DA:153,6
DA:154,0
DA:155,0
DA:156,0
DA:157,6
DA:158,6
DA:159,6
DA:160,9
DA:161,9
DA:162,10
DA:163,10
DA:164,9
DA:165,9
DA:166,9
DA:167,9
DA:168,9
DA:169,9
DA:170,11
DA:171,11
DA:172,11
DA:173,2
DA:174,2
DA:175,11
DA:176,9
DA:177,9
DA:178,9
DA:179,9
DA:180,9
DA:181,9
DA:182,5
DA:183,5
DA:184,5
DA:185,5
DA:186,5
DA:187,5
DA:188,9
DA:189,9
DA:190,9
DA:191,9
DA:192,9
DA:193,3
DA:194,3
DA:195,3
DA:196,5
DA:197,5
DA:198,5
DA:199,5
DA:200,5
DA:201,5
DA:202,3
DA:203,5
DA:204,5
DA:205,3
DA:206,5
DA:207,5
DA:208,3
DA:209,5
DA:210,5
DA:211,5
DA:212,2
DA:213,1
DA:214,1
DA:215,3
DA:216,9
DA:217,9
DA:218,9
DA:219,9
DA:220,3
DA:221,3
DA:222,3
DA:223,3
DA:224,3
DA:225,0
DA:226,0
DA:227,0
DA:228,0
DA:229,0
DA:230,0
DA:231,3
DA:232,3
DA:233,3
DA:234,3
DA:235,3
DA:236,3
DA:237,9
DA:238,9
DA:239,9
DA:240,1
LF:231
LH:209
BRDA:11,0,0,9
BRDA:13,1,0,3
BRDA:13,2,0,6
BRDA:21,3,0,2
BRDA:85,4,0,0
BRDA:89,5,0,3
BRDA:21,6,0,2
BRDA:24,7,0,0
BRDA:33,8,0,2
BRDA:42,9,0,1
BRDA:46,10,0,1
BRDA:46,11,0,1
BRDA:51,12,0,2
BRDA:55,13,0,1
BRDA:66,14,0,1
BRDA:77,15,0,2
BRDA:80,16,0,8
BRDA:81,17,0,5
BRDA:121,18,0,9
BRDA:123,19,0,0
BRDA:125,20,0,0
BRDA:134,21,0,6
BRDA:136,22,0,6
BRDA:137,23,0,0
BRDA:161,24,0,10
BRDA:162,25,0,5
BRDA:162,26,0,5
BRDA:162,27,0,0
BRDA:169,28,0,11
BRDA:172,29,0,2
BRDA:181,30,0,5
BRDA:183,31,0,0
BRDA:185,32,0,0
BRDA:192,33,0,3
BRDA:194,34,0,2
BRDA:194,35,0,0
BRDA:195,36,0,5
BRDA:197,37,0,0
BRDA:199,38,0,1
BRDA:199,39,0,4
BRDA:200,40,0,0
BRDA:201,41,0,3
BRDA:201,42,0,1
BRDA:203,43,0,2
BRDA:204,44,0,3
BRDA:204,45,0,1
BRDA:207,46,0,3
BRDA:207,47,0,1
BRDA:209,48,0,2
BRDA:210,49,0,1
BRDA:211,50,0,2
BRDA:212,51,0,1
BRDA:217,52,0,9
BRDA:238,53,0,0
BRDA:219,54,0,3
BRDA:233,55,0,0
BRF:56
BRH:43
end_of_record
TN:
SF:sources/confirm_page.js
FN:26,readParams
FN:39,grabElements
FN:49,buildText
FN:56,i18n
FN:66,render
FN:74,wireEvents
FN:75,send
FN:91,handleKeydown
FN:103,focusDefault
FN:113,defer
FNF:10
FNH:10
FNDA:5,readParams
FNDA:5,grabElements
FNDA:5,buildText
FNDA:20,i18n
FNDA:5,render
FNDA:5,wireEvents
FNDA:5,send
FNDA:3,handleKeydown
FNDA:8,focusDefault
FNDA:3,defer
DA:1,1
DA:2,1
DA:3,1
DA:4,1
DA:5,1
DA:6,1
DA:7,1
DA:8,5
DA:9,5
DA:10,5
DA:11,5
DA:12,5
DA:13,5
DA:14,5
DA:15,5
DA:16,5
DA:17,5
DA:18,5
DA:19,5
DA:20,5
DA:21,5
DA:22,5
DA:24,5
DA:25,5
DA:26,5
DA:27,5
DA:28,5
DA:29,5
DA:30,5
DA:31,5
DA:32,5
DA:33,5
DA:34,5
DA:35,5
DA:37,5
DA:38,5
DA:39,5
DA:40,5
DA:41,5
DA:42,5
DA:43,5
DA:44,5
DA:45,5
DA:47,5
DA:48,5
DA:49,5
DA:50,5
DA:51,5
DA:52,5
DA:53,5
DA:54,5
DA:55,5
DA:56,5
DA:57,20
DA:58,20
DA:59,20
DA:60,6
DA:61,6
DA:62,20
DA:64,5
DA:65,5
DA:66,5
DA:67,5
DA:68,5
DA:69,5
DA:70,5
DA:72,5
DA:73,5
DA:74,5
DA:75,5
DA:76,5
DA:77,5
DA:78,5
DA:79,5
DA:80,5
DA:81,5
DA:82,5
DA:83,5
DA:84,5
DA:85,5
DA:86,3
DA:87,5
DA:88,5
DA:89,5
DA:90,5
DA:91,5
DA:92,3
DA:93,2
DA:94,2
DA:95,2
DA:96,2
DA:97,1
DA:98,1
DA:99,1
DA:100,1
DA:101,3
DA:102,5
DA:103,5
DA:104,8
DA:105,8
DA:106,8
DA:107,8
DA:108,8
DA:109,8
DA:110,8
DA:111,8
DA:112,8
DA:113,5
DA:114,3
DA:115,3
DA:116,1
LF:111
LH:111
BRDA:7,0,0,5
BRDA:18,1,0,0
BRDA:26,2,0,5
BRDA:29,3,0,0
BRDA:30,4,0,0
BRDA:31,5,0,3
BRDA:32,6,0,0
BRDA:32,7,0,3
BRDA:32,8,0,2
BRDA:33,9,0,0
BRDA:39,10,0,5
BRDA:49,11,0,5
BRDA:51,12,0,2
BRDA:51,13,0,1
BRDA:52,14,0,3
BRDA:52,15,0,0
BRDA:56,16,0,20
BRDA:58,17,0,6
BRDA:58,18,0,0
BRDA:58,19,0,0
BRDA:59,20,0,6
BRDA:66,21,0,5
BRDA:68,22,0,0
BRDA:69,23,0,0
BRDA:74,24,0,5
BRDA:75,25,0,5
BRDA:78,26,0,0
BRDA:81,27,0,2
BRDA:82,28,0,3
BRDA:85,29,0,3
BRDA:86,30,0,3
BRDA:88,31,0,3
BRDA:91,32,0,3
BRDA:92,33,0,2
BRDA:96,34,0,1
BRDA:99,35,0,0
BRDA:103,36,0,8
BRDA:106,37,0,0
BRDA:107,38,0,5
BRDA:107,39,0,3
BRDA:111,40,0,0
BRDA:113,41,0,3
BRDA:114,42,0,0
BRF:43
BRH:28
end_of_record
TN:
SF:sources/donation_visibility.js
FN:19,i18n
FN:33,i18nFmt
FN:42,getSnoozeUntil
FN:51,isSnoozed
FN:57,snooze90Days
FN:66,clearSnooze
FN:73,applyVisibility
FN:100,onSnoozeClick
FN:121,onShowAgainClick
FN:140,formatYMD
FN:147,init
FNF:11
FNH:10
FNDA:3,i18n
FNDA:3,i18nFmt
FNDA:10,getSnoozeUntil
FNDA:0,isSnoozed
FNDA:2,snooze90Days
FNDA:1,clearSnooze
FNDA:10,applyVisibility
FNDA:2,onSnoozeClick
FNDA:1,onShowAgainClick
FNDA:3,formatYMD
FNDA:7,init
DA:1,1
DA:2,1
DA:3,1
DA:4,1
DA:5,1
DA:6,1
DA:7,1
DA:8,1
DA:9,1
DA:10,1
DA:11,7
DA:12,7
DA:14,7
DA:15,7
DA:16,7
DA:17,7
DA:18,7
DA:19,7
DA:20,3
DA:21,3
DA:22,3
DA:23,3
DA:24,0
DA:25,3
DA:27,7
DA:28,7
DA:29,7
DA:30,7
DA:31,7
DA:32,7
DA:33,7
DA:34,3
DA:35,3
DA:36,3
DA:37,3
DA:38,0
DA:39,3
DA:41,7
DA:42,7
DA:43,10
DA:44,10
DA:45,10
DA:46,10
DA:47,0
DA:48,0
DA:49,10
DA:50,7
DA:51,7
DA:52,0
DA:53,0
DA:54,0
DA:56,7
DA:57,7
DA:58,2
DA:59,2
DA:60,2
DA:61,2
DA:62,2
DA:63,2
DA:65,7
DA:66,7
DA:67,1
DA:68,1
DA:69,1
DA:70,1
DA:72,7
DA:73,7
DA:74,10
DA:75,10
DA:76,10
DA:77,10
DA:78,10
DA:79,10
DA:80,10
DA:81,10
DA:82,10
DA:83,10
DA:84,6
DA:85,3
DA:86,3
DA:87,3
DA:88,3
DA:89,3
DA:90,3
DA:91,3
DA:92,3
DA:93,3
DA:94,3
DA:95,3
DA:96,6
DA:97,10
DA:99,7
DA:100,7
DA:101,2
DA:102,2
DA:103,2
DA:104,2
DA:105,2
DA:106,2
DA:107,2
DA:108,2
DA:109,2
DA:110,2
DA:111,0
DA:112,0
DA:113,0
DA:114,2
DA:115,2
DA:116,2
DA:117,2
DA:118,2
DA:120,7
DA:121,7
DA:122,1
DA:123,1
DA:124,1
DA:125,1
DA:126,1
DA:127,1
DA:128,1
DA:129,1
DA:130,1
DA:131,0
DA:132,0
DA:133,0
DA:134,1
DA:135,1
DA:136,1
DA:137,1
DA:139,7
DA:140,7
DA:141,3
DA:142,3
DA:143,3
DA:144,3
DA:145,3
DA:147,7
DA:148,7
DA:149,7
DA:150,7
DA:151,7
DA:152,7
DA:153,7
DA:155,7
DA:156,7
DA:157,1
LF:146
LH:133
BRDA:10,0,0,7
BRDA:155,1,0,0
BRDA:19,2,0,3
BRDA:21,3,0,0
BRDA:21,4,0,0
BRDA:22,5,0,0
BRDA:23,6,0,0
BRDA:33,7,0,3
BRDA:35,8,0,0
BRDA:35,9,0,0
BRDA:36,10,0,0
BRDA:37,11,0,0
BRDA:42,12,0,10
BRDA:45,13,0,5
BRDA:46,14,0,0
BRDA:57,15,0,2
BRDA:61,16,0,0
BRDA:66,17,0,1
BRDA:69,18,0,0
BRDA:73,19,0,10
BRDA:80,20,0,5
BRDA:80,21,0,5
BRDA:81,22,0,5
BRDA:81,23,0,5
BRDA:82,24,0,6
BRDA:82,25,0,3
BRDA:82,26,0,3
BRDA:83,27,0,6
BRDA:84,28,0,3
BRDA:84,29,0,3
BRDA:87,30,0,0
BRDA:88,31,0,0
BRDA:100,32,0,2
BRDA:108,33,0,0
BRDA:116,34,0,0
BRDA:121,35,0,1
BRDA:128,36,0,0
BRDA:136,37,0,0
BRDA:140,38,0,3
BRDA:147,39,0,7
BRDA:151,40,0,4
BRF:41
BRH:23
end_of_record
TN:
SF:sources/handle_atn_link.js
FN:1,(empty-report)
FNF:1
FNH:0
FNDA:0,(empty-report)
DA:1,0
DA:2,0
DA:3,0
DA:4,0
DA:5,0
DA:6,0
DA:7,0
DA:8,0
DA:9,0
DA:10,0
DA:11,0
DA:12,0
DA:13,0
DA:14,0
DA:15,0
DA:16,0
DA:18,0
DA:19,0
DA:20,0
DA:21,0
DA:22,0
LF:21
LH:0
BRDA:1,0,0,0
BRF:1
BRH:0
end_of_record
TN:
SF:sources/handle_docs_link.js
FN:1,(empty-report)
FNF:1
FNH:0
FNDA:0,(empty-report)
DA:1,0
DA:2,0
DA:3,0
DA:4,0
DA:5,0
DA:6,0
DA:7,0
DA:8,0
DA:9,0
DA:10,0
DA:11,0
DA:12,0
DA:13,0
DA:14,0
DA:15,0
DA:16,0
DA:18,0
DA:19,0
DA:20,0
DA:21,0
DA:22,0
LF:21
LH:0
BRDA:1,0,0,0
BRF:1
BRH:0
end_of_record
TN:
SF:sources/handle_donate_link.js
FN:13,openHref
FNF:1
FNH:1
FNDA:3,openHref
DA:1,1
DA:2,1
DA:3,1
DA:4,1
DA:5,1
DA:6,1
DA:7,2
DA:8,2
DA:9,2
DA:10,2
DA:11,2
DA:12,2
DA:13,2
DA:14,3
DA:15,3
DA:16,2
DA:17,2
DA:18,2
DA:19,3
DA:20,0
DA:21,0
DA:22,3
DA:24,2
DA:25,2
DA:26,3
DA:27,3
DA:28,3
DA:29,3
DA:30,3
DA:31,2
DA:32,1
LF:31
LH:29
BRDA:6,0,0,2
BRDA:13,1,0,3
BRDA:15,2,0,2
BRDA:15,3,0,1
BRDA:19,4,0,0
BRDA:25,5,0,3
BRDA:29,6,0,0
BRDA:30,7,0,3
BRF:8
BRH:6
end_of_record
TN:
SF:sources/handle_github_link.js
FN:13,openHref
FNF:1
FNH:1
FNDA:4,openHref
DA:1,1
DA:2,1
DA:3,1
DA:4,1
DA:5,1
DA:6,1
DA:7,2
DA:8,2
DA:9,2
DA:10,2
DA:11,2
DA:12,2
DA:13,2
DA:14,4
DA:15,4
DA:16,3
DA:17,3
DA:18,3
DA:19,4
DA:20,0
DA:21,0
DA:22,4
DA:24,2
DA:25,3
DA:26,3
DA:27,3
DA:28,3
DA:29,2
DA:30,1
LF:29
LH:27
BRDA:6,0,0,2
BRDA:13,1,0,4
BRDA:15,2,0,1
BRDA:15,3,0,3
BRDA:19,4,0,0
BRDA:24,5,0,3
BRDA:27,6,0,3
BRDA:28,7,0,1
BRF:8
BRH:7
end_of_record
TN:
SF:sources/options.js
FN:22,getEl
FN:33,readTextareaLines
FN:47,setTextareaLines
FN:57,load
FN:106,save
FN:132,resetDefaults
FN:149,setStatus
FN:160,getMessage
FN:169,init
FNF:9
FNH:9
FNDA:26,getEl
FNDA:1,readTextareaLines
FNDA:5,setTextareaLines
FNDA:5,load
FNDA:1,save
FNDA:1,resetDefaults
FNDA:4,setStatus
FNDA:4,getMessage
FNDA:4,init
DA:1,1
DA:2,1
DA:3,1
DA:4,1
DA:5,1
DA:6,1
DA:7,1
DA:8,1
DA:9,1
DA:10,1
DA:11,4
DA:12,4
DA:13,4
DA:14,4
DA:15,4
DA:17,4
DA:18,4
DA:19,4
DA:20,4
DA:21,4
DA:22,4
DA:23,26
DA:24,26
DA:26,4
DA:27,4
DA:28,4
DA:29,4
DA:30,4
DA:31,4
DA:32,4
DA:33,4
DA:34,1
DA:35,1
DA:36,1
DA:37,1
DA:38,1
DA:39,1
DA:40,1
DA:42,4
DA:43,4
DA:44,4
DA:45,4
DA:46,4
DA:47,4
DA:48,5
DA:49,5
DA:50,5
DA:52,4
DA:53,4
DA:54,4
DA:55,4
DA:56,4
DA:57,4
DA:58,5
DA:59,5
DA:60,5
DA:61,5
DA:62,5
DA:63,5
DA:64,5
DA:65,5
DA:66,5
DA:67,5
DA:68,5
DA:69,5
DA:70,5
DA:71,5
DA:72,5
DA:73,5
DA:74,5
DA:75,5
DA:76,5
DA:77,5
DA:78,5
DA:79,5
DA:80,1
DA:81,4
DA:82,3
DA:83,3
DA:84,5
DA:85,1
DA:86,1
DA:87,1
DA:88,1
DA:89,1
DA:90,1
DA:91,1
DA:92,1
DA:93,1
DA:94,1
DA:95,1
DA:96,1
DA:97,1
DA:98,1
DA:99,5
DA:101,4
DA:102,4
DA:103,4
DA:104,4
DA:105,4
DA:106,4
DA:107,1
DA:108,1
DA:109,1
DA:110,1
DA:111,1
DA:112,1
DA:113,1
DA:114,1
DA:115,1
DA:116,1
DA:117,1
DA:118,1
DA:119,1
DA:120,1
DA:121,1
DA:122,1
DA:123,1
DA:124,1
DA:125,1
DA:126,1
DA:128,4
DA:129,4
DA:130,4
DA:131,4
DA:132,4
DA:133,1
DA:134,1
DA:135,1
DA:136,1
DA:137,1
DA:138,1
DA:139,1
DA:140,1
DA:141,1
DA:142,1
DA:143,1
DA:145,4
DA:146,4
DA:147,4
DA:148,4
DA:149,4
DA:150,4
DA:151,4
DA:152,4
DA:153,4
DA:155,4
DA:156,4
DA:157,4
DA:158,4
DA:159,4
DA:160,4
DA:161,4
DA:162,4
DA:163,4
DA:164,4
DA:165,0
DA:166,4
DA:168,4
DA:169,4
DA:170,4
DA:171,1
DA:172,1
DA:173,4
DA:174,4
DA:175,1
DA:176,1
DA:177,4
DA:178,4
DA:179,4
DA:181,4
DA:182,4
DA:183,1
LF:173
LH:172
BRDA:10,0,0,4
BRDA:181,1,0,0
BRDA:22,2,0,26
BRDA:33,3,0,1
BRDA:38,4,0,3
BRDA:47,5,0,5
BRDA:49,6,0,0
BRDA:57,7,0,5
BRDA:65,8,0,4
BRDA:66,9,0,4
BRDA:66,10,0,0
BRDA:67,11,0,4
BRDA:67,12,0,0
BRDA:69,13,0,4
BRDA:71,14,0,4
BRDA:72,15,0,4
BRDA:72,16,0,1
BRDA:79,17,0,4
BRDA:79,18,0,1
BRDA:81,19,0,3
BRDA:84,20,0,1
BRDA:106,21,0,1
BRDA:116,22,0,0
BRDA:124,23,0,0
BRDA:132,24,0,1
BRDA:149,25,0,4
BRDA:151,26,0,0
BRDA:152,27,0,0
BRDA:160,28,0,4
BRDA:162,29,0,0
BRDA:163,30,0,0
BRDA:164,31,0,0
BRDA:169,32,0,4
BRDA:170,33,0,1
BRDA:174,34,0,1
BRF:35
BRH:24
end_of_record
TN:
SF:sources/ui_i18n.js
FN:33,getMessage
FN:42,applyTextI18n
FN:52,applyAttributeI18n
FN:66,init
FNF:4
FNH:4
FNDA:11,getMessage
FNDA:3,applyTextI18n
FNDA:3,applyAttributeI18n
FNDA:3,init
DA:1,1
DA:2,1
DA:3,1
DA:4,1
DA:5,1
DA:6,1
DA:7,1
DA:8,1
DA:9,1
DA:10,3
DA:11,3
DA:12,3
DA:13,3
DA:14,3
DA:15,3
DA:16,3
DA:17,3
DA:18,3
DA:19,2
DA:20,3
DA:21,3
DA:22,3
DA:23,3
DA:24,1
DA:25,1
DA:26,3
DA:27,3
DA:28,3
DA:29,3
DA:30,3
DA:31,3
DA:32,3
DA:33,3
DA:34,11
DA:35,11
DA:36,11
DA:37,11
DA:38,0
DA:39,11
DA:41,3
DA:42,3
DA:43,3
DA:44,6
DA:45,6
DA:46,6
DA:47,6
DA:48,3
DA:49,3
DA:51,3
DA:52,3
DA:53,3
DA:54,4
DA:55,4
DA:56,4
DA:57,5
DA:58,5
DA:59,5
DA:60,5
DA:61,4
DA:62,3
DA:63,3
DA:65,3
DA:66,3
DA:67,3
DA:68,3
DA:69,3
DA:71,3
DA:72,0
DA:73,3
DA:74,3
DA:75,3
DA:76,1
LF:72
LH:70
BRDA:9,0,0,3
BRDA:13,1,0,0
BRDA:17,2,0,1
BRDA:17,3,0,2
BRDA:18,4,0,0
BRDA:18,5,0,2
BRDA:23,6,0,1
BRDA:26,7,0,0
BRDA:71,8,0,0
BRDA:33,9,0,11
BRDA:35,10,0,0
BRDA:35,11,0,0
BRDA:36,12,0,0
BRDA:37,13,0,0
BRDA:42,14,0,3
BRDA:43,15,0,6
BRDA:45,16,0,0
BRDA:52,17,0,3
BRDA:53,18,0,4
BRDA:55,19,0,0
BRDA:56,20,0,5
BRDA:58,21,0,0
BRDA:57,22,0,10
BRDA:66,23,0,3
BRF:24
BRH:13
end_of_record
TN:
SF:sources/app/composition.js
FN:23,toNumericId
FN:25,yesNo
FN:33,shouldAskHelper
FN:40,makeLocalLogger
FN:42,debug
FN:48,info
FN:53,warn
FN:58,error
FN:76,createAppWiring
FN:92,applySettings
FN:97,lower
FN:121,reloadSettings
FN:128,rebuildEnsure
FN:135,shouldExclude
FN:144,matchBlacklist
FN:146,lower
FN:159,warnBlacklisted
FN:173,confirmAddSelectedFiles
FN:186,shouldAsk
FN:259,ensureWrapper
FN:272,App.Composition.reloadSettings
FN:283,loadSettings
FN:296,readBlacklist
FN:305,readConfirmEnabled
FN:314,readConfirmDefault
FN:323,readWarnOnBlacklist
FN:334,ensureConfirmInjected
FN:350,askUserForConfirmation
FN:359,tryTargetedConfirm
FN:367,tryBroadcastConfirm
FN:375,isDecision
FN:379,askInPopup
FN:404,buildConfirmUrl
FN:416,waitForConfirm
FN:418,listener
FNF:35
FNH:30
FNDA:42,toNumericId
FNDA:61,yesNo
FNDA:44,shouldAskHelper
FNDA:43,makeLocalLogger
FNDA:0,debug
FNDA:0,info
FNDA:1,warn
FNDA:0,error
FNDA:51,createAppWiring
FNDA:57,applySettings
FNDA:0,lower
FNDA:6,reloadSettings
FNDA:62,rebuildEnsure
FNDA:768,shouldExclude
FNDA:7,matchBlacklist
FNDA:0,lower
FNDA:7,warnBlacklisted
FNDA:40,confirmAddSelectedFiles
FNDA:40,shouldAsk
FNDA:13,ensureWrapper
FNDA:3,App.Composition.reloadSettings
FNDA:57,loadSettings
FNDA:57,readBlacklist
FNDA:57,readConfirmEnabled
FNDA:57,readConfirmDefault
FNDA:57,readWarnOnBlacklist
FNDA:23,ensureConfirmInjected
FNDA:16,askUserForConfirmation
FNDA:16,tryTargetedConfirm
FNDA:9,tryBroadcastConfirm
FNDA:29,isDecision
FNDA:7,askInPopup
FNDA:8,buildConfirmUrl
FNDA:8,waitForConfirm
FNDA:5,listener
DA:13,1
DA:14,41
DA:15,41
DA:17,41
DA:20,41
DA:23,41
DA:24,42
DA:25,41
DA:26,61
DA:27,0
DA:28,61
DA:29,4
DA:30,57
DA:33,41
DA:34,44
DA:35,44
DA:40,41
DA:41,43
DA:42,43
DA:43,0
DA:44,0
DA:45,0
DA:46,0
DA:47,0
DA:48,43
DA:49,0
DA:50,0
DA:51,0
DA:52,0
DA:53,43
DA:54,1
DA:55,1
DA:56,1
DA:57,1
DA:58,43
DA:59,0
DA:60,0
DA:61,0
DA:62,0
DA:63,43
DA:64,43
DA:76,41
DA:77,51
DA:78,51
DA:79,51
DA:80,51
DA:83,51
DA:84,51
DA:85,51
DA:86,51
DA:87,51
DA:89,51
DA:92,51
DA:93,57
DA:94,57
DA:96,57
DA:97,57
DA:98,57
DA:99,57
DA:100,57
DA:101,57
DA:102,57
DA:103,57
DA:104,13
DA:105,13
DA:106,57
DA:107,0
DA:108,57
DA:109,0
DA:110,0
DA:111,57
DA:112,57
DA:113,57
DA:114,57
DA:115,51
DA:116,51
DA:117,51
DA:118,51
DA:119,51
DA:121,51
DA:122,6
DA:123,6
DA:124,6
DA:127,51
DA:128,51
DA:129,62
DA:130,62
DA:131,62
DA:132,62
DA:133,62
DA:134,62
DA:135,62
DA:136,62
DA:137,62
DA:138,62
DA:139,62
DA:140,62
DA:141,62
DA:142,62
DA:144,51
DA:145,7
DA:146,7
DA:147,7
DA:148,7
DA:149,7
DA:150,8
DA:151,8
DA:152,8
DA:153,8
DA:154,7
DA:155,7
DA:156,0
DA:157,0
DA:158,7
DA:159,51
DA:160,7
DA:161,7
DA:162,7
DA:163,7
DA:164,7
DA:165,7
DA:166,7
DA:173,51
DA:174,40
DA:175,40
DA:176,16
DA:177,16
DA:178,16
DA:179,16
DA:180,16
DA:181,16
DA:182,16
DA:183,16
DA:184,16
DA:185,40
DA:186,51
DA:187,40
DA:188,40
DA:191,51
DA:192,6
DA:193,2
DA:194,2
DA:195,2
DA:196,2
DA:197,6
DA:198,3
DA:199,3
DA:200,3
DA:201,6
DA:202,1
DA:203,1
DA:204,6
DA:205,0
DA:206,0
DA:207,0
DA:208,46
DA:212,51
DA:213,51
DA:214,51
DA:215,51
DA:216,51
DA:217,45
DA:218,45
DA:219,51
DA:220,5
DA:221,5
DA:222,5
DA:223,5
DA:224,51
DA:228,51
DA:229,38
DA:230,38
DA:231,38
DA:232,38
DA:233,38
DA:234,37
DA:235,51
DA:238,51
DA:239,1
DA:240,1
DA:241,1
DA:242,1
DA:243,1
DA:244,1
DA:245,1
DA:246,51
DA:249,51
DA:250,3
DA:251,3
DA:252,3
DA:253,3
DA:254,3
DA:255,3
DA:256,3
DA:257,51
DA:259,51
DA:260,13
DA:261,2
DA:262,2
DA:263,2
DA:264,2
DA:265,2
DA:266,13
DA:267,13
DA:269,51
DA:270,51
DA:271,51
DA:272,51
DA:273,51
DA:274,51
DA:275,51
DA:276,51
DA:277,51
DA:278,51
DA:279,51
DA:280,51
DA:283,41
DA:284,57
DA:285,57
DA:286,57
DA:287,57
DA:288,57
DA:289,57
DA:290,57
DA:291,57
DA:296,41
DA:297,57
DA:298,57
DA:299,57
DA:300,57
DA:301,1
DA:302,1
DA:303,57
DA:305,41
DA:306,57
DA:307,57
DA:308,56
DA:309,57
DA:310,1
DA:311,1
DA:312,57
DA:314,41
DA:315,57
DA:316,57
DA:317,57
DA:318,57
DA:319,1
DA:320,1
DA:321,57
DA:323,41
DA:324,57
DA:325,57
DA:326,56
DA:327,57
DA:328,1
DA:329,1
DA:330,57
DA:334,41
DA:335,23
DA:336,23
DA:337,23
DA:338,23
DA:339,23
DA:340,0
DA:341,0
DA:342,0
DA:343,0
DA:344,23
DA:350,41
DA:351,16
DA:352,16
DA:353,16
DA:354,9
DA:355,10
DA:356,7
DA:357,16
DA:359,41
DA:360,16
DA:361,16
DA:362,16
DA:363,8
DA:364,8
DA:365,16
DA:367,41
DA:368,9
DA:369,9
DA:370,9
DA:371,6
DA:372,6
DA:373,9
DA:375,41
DA:376,29
DA:377,29
DA:379,41
DA:380,7
DA:381,7
DA:382,7
DA:383,7
DA:384,7
DA:385,7
DA:386,7
DA:387,7
DA:388,7
DA:389,7
DA:390,7
DA:391,6
DA:392,6
DA:393,7
DA:394,7
DA:395,6
DA:396,6
DA:397,1
DA:398,1
DA:399,1
DA:400,1
DA:401,1
DA:402,7
DA:404,41
DA:405,8
DA:406,8
DA:407,8
DA:408,8
DA:409,8
DA:410,8
DA:411,8
DA:412,8
DA:416,41
DA:417,8
DA:418,8
DA:419,5
DA:420,5
DA:421,5
DA:422,5
DA:423,5
DA:424,5
DA:425,8
DA:426,8
DA:427,2
DA:428,2
DA:429,2
DA:430,2
DA:431,8
DA:432,8
DA:433,8
DA:436,41
DA:437,41
DA:439,41
DA:440,41
DA:441,41
DA:442,41
DA:443,41
DA:444,41
DA:445,41
DA:446,41
DA:447,41
DA:448,41
DA:449,41
DA:450,41
DA:451,41
DA:452,41
DA:453,41
DA:454,41
DA:455,41
DA:456,41
DA:457,41
DA:459,41
DA:460,41
DA:461,41
DA:462,41
DA:463,41
DA:464,41
DA:465,1
LF:372
LH:346
BRDA:13,0,0,41
BRDA:436,1,0,1
BRDA:464,2,0,0
BRDA:23,3,0,42
BRDA:24,4,0,0
BRDA:25,5,0,61
BRDA:26,6,0,11
BRDA:26,7,0,0
BRDA:28,8,0,9
BRDA:28,9,0,4
BRDA:29,10,0,57
BRDA:33,11,0,44
BRDA:34,12,0,43
BRDA:34,13,0,42
BRDA:40,14,0,43
BRDA:53,15,0,1
BRDA:56,16,0,0
BRDA:76,17,0,51
BRDA:79,18,0,8
BRDA:79,19,0,43
BRDA:191,20,0,46
BRDA:270,21,0,0
BRDA:271,22,0,0
BRDA:273,23,0,0
BRDA:92,24,0,57
BRDA:97,25,0,0
BRDA:106,26,0,0
BRDA:108,27,0,0
BRDA:101,28,0,13
BRDA:101,29,0,0
BRDA:103,30,0,13
BRDA:105,31,0,0
BRDA:115,32,0,51
BRDA:121,33,0,6
BRDA:128,34,0,62
BRDA:135,35,0,768
BRDA:144,36,0,7
BRDA:146,37,0,0
BRDA:149,38,0,8
BRDA:151,39,0,7
BRDA:152,40,0,0
BRDA:155,41,0,0
BRDA:159,42,0,7
BRDA:162,43,0,0
BRDA:165,44,0,0
BRDA:173,45,0,40
BRDA:175,46,0,34
BRDA:175,47,0,24
BRDA:175,48,0,16
BRDA:177,49,0,24
BRDA:186,50,0,40
BRDA:191,51,0,6
BRDA:192,52,0,2
BRDA:193,53,0,0
BRDA:197,54,0,3
BRDA:201,55,0,1
BRDA:204,56,0,0
BRDA:212,57,0,51
BRDA:214,58,0,46
BRDA:214,59,0,0
BRDA:216,60,0,45
BRDA:219,61,0,5
BRDA:222,62,0,0
BRDA:215,63,0,1
BRDA:228,64,0,38
BRDA:230,65,0,0
BRDA:233,66,0,1
BRDA:233,67,0,37
BRDA:232,68,0,1
BRDA:238,69,0,1
BRDA:240,70,0,0
BRDA:243,71,0,0
BRDA:249,72,0,3
BRDA:251,73,0,0
BRDA:254,74,0,0
BRDA:259,75,0,13
BRDA:260,76,0,2
BRDA:263,77,0,0
BRDA:264,78,0,0
BRDA:272,79,0,3
BRDA:283,80,0,57
BRDA:296,81,0,57
BRDA:298,82,0,56
BRDA:299,83,0,47
BRDA:299,84,0,9
BRDA:300,85,0,1
BRDA:305,86,0,57
BRDA:307,87,0,56
BRDA:309,88,0,1
BRDA:314,89,0,57
BRDA:316,90,0,56
BRDA:318,91,0,1
BRDA:323,92,0,57
BRDA:325,93,0,56
BRDA:327,94,0,1
BRDA:334,95,0,23
BRDA:336,96,0,0
BRDA:339,97,0,0
BRDA:350,98,0,16
BRDA:353,99,0,7
BRDA:353,100,0,10
BRDA:353,101,0,9
BRDA:355,102,0,7
BRDA:355,103,0,2
BRDA:359,104,0,16
BRDA:362,105,0,8
BRDA:367,106,0,9
BRDA:370,107,0,6
BRDA:375,108,0,29
BRDA:376,109,0,14
BRDA:379,110,0,7
BRDA:390,111,0,6
BRDA:393,112,0,6
BRDA:394,113,0,6
BRDA:394,114,0,1
BRDA:396,115,0,1
BRDA:399,116,0,0
BRDA:404,117,0,8
BRDA:406,118,0,2
BRDA:406,119,0,6
BRDA:409,120,0,2
BRDA:409,121,0,6
BRDA:410,122,0,0
BRDA:416,123,0,8
BRDA:417,124,0,8
BRDA:418,125,0,5
BRDA:419,126,0,0
BRDA:422,127,0,0
BRDA:426,128,0,2
BRDA:429,129,0,0
BRF:130
BRH:95
end_of_record
TN:
SF:sources/app/adapters/thunderbird.js
FN:18,makeThunderbirdPorts
FN:21,getDetails
FN:24,listAttachments
FN:27,addAttachment
FN:36,listAttachments
FN:39,getAttachmentFile
FN:47,getTabValue
FN:50,setTabValue
FN:53,removeTabValue
FN:61,sendMessage
FN:68,registerScripts
FN:71,getRegisteredScripts
FN:74,unregisterScripts
FN:77,executeScript
FNF:14
FNH:13
FNDA:54,makeThunderbirdPorts
FNDA:40,getDetails
FNDA:45,listAttachments
FNDA:229,addAttachment
FNDA:47,listAttachments
FNDA:233,getAttachmentFile
FNDA:47,getTabValue
FNDA:36,setTabValue
FNDA:3,removeTabValue
FNDA:17,sendMessage
FNDA:45,registerScripts
FNDA:51,getRegisteredScripts
FNDA:0,unregisterScripts
FNDA:24,executeScript
DA:1,1
DA:2,1
DA:3,1
DA:4,1
DA:5,1
DA:6,1
DA:7,1
DA:9,1
DA:10,1
DA:11,1
DA:12,1
DA:13,1
DA:14,1
DA:15,1
DA:16,1
DA:17,1
DA:18,54
DA:19,54
DA:20,54
DA:21,54
DA:22,40
DA:23,54
DA:24,54
DA:25,45
DA:26,54
DA:27,54
DA:28,229
DA:29,54
DA:30,54
DA:31,54
DA:32,54
DA:34,54
DA:35,54
DA:36,54
DA:37,47
DA:38,54
DA:39,54
DA:40,233
DA:41,54
DA:42,54
DA:44,54
DA:45,54
DA:46,54
DA:47,54
DA:48,47
DA:49,54
DA:50,54
DA:51,36
DA:52,54
DA:53,54
DA:54,3
DA:55,54
DA:56,54
DA:58,54
DA:59,54
DA:60,54
DA:61,54
DA:62,17
DA:63,54
DA:64,54
DA:66,54
DA:67,54
DA:68,54
DA:69,45
DA:70,54
DA:71,54
DA:72,51
DA:73,54
DA:74,54
DA:75,0
DA:76,54
DA:77,54
DA:78,24
DA:79,24
DA:80,24
DA:81,24
DA:82,24
DA:83,54
DA:84,54
DA:86,54
DA:87,54
DA:89,1
DA:90,1
DA:92,1
LF:84
LH:83
BRDA:89,0,0,32
BRDA:18,1,0,54
BRDA:60,2,0,53
BRDA:21,3,0,40
BRDA:24,4,0,45
BRDA:25,5,0,44
BRDA:25,6,0,1
BRDA:27,7,0,229
BRDA:36,8,0,47
BRDA:39,9,0,233
BRDA:47,10,0,47
BRDA:48,11,0,46
BRDA:50,12,0,36
BRDA:53,13,0,3
BRDA:61,14,0,17
BRDA:62,15,0,16
BRDA:68,16,0,45
BRDA:71,17,0,51
BRDA:77,18,0,24
BRDA:82,19,0,1
BRF:20
BRH:20
end_of_record
TN:
SF:sources/app/application/usecases.js
FN:21,createProcessReplyAttachments
FN:24,shouldExclude
FN:25,confirm
FN:26,warn
FN:31,processReplyAttachments
FN:68,getAllAttachments
FN:72,getExistingAttachmentNames
FN:77,selectStrict
FN:81,selectRelaxed
FN:85,pickFirstNonEmpty
FN:89,askUserToConfirm
FN:93,attachSelectedFiles
FN:121,isEmpty
FN:130,createEnsureReplyAttachments
FN:136,shouldExclude
FN:137,confirm
FN:138,warn
FN:153,ensureReplyAttachments
FN:181,wasAlreadyProcessed
FN:191,markProcessed
FN:199,isReply
FN:207,isProcessingOrDone
FN:214,markProcessing
FN:218,markDone
FN:222,clearState
FN:226,waitForMessageId
FN:239,selectEligible
FN:258,computeBlacklistedRows
FN:285,makeNameSet
FN:294,domainNormalizedName
FN:300,domainIncludeStrict
FN:321,domainIncludeRelaxed
FN:327,asSelection
FN:332,delay
FN:345,safe
FNF:35
FNH:28
FNDA:71,createProcessReplyAttachments
FNDA:0,shouldExclude
FNDA:0,confirm
FNDA:0,warn
FNDA:46,processReplyAttachments
FNDA:46,getAllAttachments
FNDA:44,getExistingAttachmentNames
FNDA:44,selectStrict
FNDA:44,selectRelaxed
FNDA:44,pickFirstNonEmpty
FNDA:40,askUserToConfirm
FNDA:38,attachSelectedFiles
FNDA:90,isEmpty
FNDA:62,createEnsureReplyAttachments
FNDA:0,shouldExclude
FNDA:0,confirm
FNDA:0,warn
FNDA:51,ensureReplyAttachments
FNDA:46,wasAlreadyProcessed
FNDA:36,markProcessed
FNDA:51,isReply
FNDA:50,isProcessingOrDone
FNDA:46,markProcessing
FNDA:36,markDone
FNDA:10,clearState
FNDA:46,waitForMessageId
FNDA:88,selectEligible
FNDA:36,computeBlacklistedRows
FNDA:44,makeNameSet
FNDA:168,domainNormalizedName
FNDA:44,domainIncludeStrict
FNDA:80,domainIncludeRelaxed
FNDA:234,asSelection
FNDA:0,delay
FNDA:126,safe
DA:1,1
DA:2,1
DA:3,1
DA:4,1
DA:5,1
DA:6,1
DA:7,1
DA:8,1
DA:9,1
DA:10,1
DA:11,1
DA:13,1
DA:14,1
DA:16,1
DA:17,1
DA:18,1
DA:19,1
DA:20,1
DA:21,71
DA:22,71
DA:23,71
DA:24,71
DA:25,71
DA:26,71
DA:27,71
DA:28,71
DA:29,71
DA:30,71
DA:31,71
DA:32,46
DA:33,46
DA:34,46
DA:36,44
DA:38,44
DA:39,44
DA:40,44
DA:41,36
DA:42,36
DA:43,36
DA:44,36
DA:45,36
DA:47,44
DA:48,44
DA:49,44
DA:50,44
DA:51,44
DA:53,40
DA:54,40
DA:56,38
DA:57,38
DA:58,0
DA:59,0
DA:60,0
DA:61,0
DA:62,0
DA:63,71
DA:64,71
DA:66,1
DA:67,1
DA:68,46
DA:69,46
DA:70,46
DA:71,1
DA:72,44
DA:73,44
DA:74,44
DA:75,44
DA:76,1
DA:77,44
DA:78,44
DA:79,44
DA:80,1
DA:81,44
DA:82,44
DA:83,44
DA:84,1
DA:85,44
DA:86,44
DA:87,44
DA:88,1
DA:89,40
DA:90,40
DA:91,40
DA:92,1
DA:93,38
DA:94,38
DA:95,38
DA:96,38
DA:97,38
DA:98,38
DA:99,38
DA:100,38
DA:101,38
DA:102,38
DA:103,232
DA:104,232
DA:105,231
DA:106,228
DA:107,227
DA:108,232
DA:109,2
DA:110,2
DA:111,2
DA:112,2
DA:113,2
DA:114,2
DA:115,2
DA:116,2
DA:117,2
DA:118,232
DA:119,38
DA:120,38
DA:121,90
DA:122,90
DA:123,90
DA:125,1
DA:126,1
DA:127,1
DA:128,1
DA:129,1
DA:130,62
DA:131,62
DA:132,62
DA:133,62
DA:134,62
DA:135,62
DA:136,62
DA:137,62
DA:138,62
DA:139,62
DA:140,62
DA:141,62
DA:142,62
DA:143,62
DA:144,62
DA:145,62
DA:146,62
DA:147,62
DA:148,62
DA:149,62
DA:150,62
DA:151,62
DA:152,62
DA:153,62
DA:154,51
DA:155,50
DA:156,46
DA:158,46
DA:159,51
DA:161,46
DA:162,51
DA:164,46
DA:165,46
DA:166,36
DA:167,51
DA:168,10
DA:169,10
DA:170,62
DA:171,62
DA:173,1
DA:174,1
DA:175,1
DA:176,1
DA:177,1
DA:178,1
DA:179,1
DA:180,1
DA:181,46
DA:182,46
DA:183,46
DA:184,1
DA:185,1
DA:186,1
DA:187,1
DA:188,1
DA:189,1
DA:190,1
DA:191,36
DA:192,36
DA:193,36
DA:194,36
DA:196,1
DA:198,1
DA:199,51
DA:200,51
DA:201,51
DA:202,51
DA:203,51
DA:204,51
DA:206,1
DA:207,50
DA:208,50
DA:209,50
DA:210,50
DA:211,50
DA:213,1
DA:214,46
DA:215,46
DA:216,46
DA:217,1
DA:218,36
DA:219,36
DA:220,36
DA:221,1
DA:222,10
DA:223,10
DA:224,10
DA:226,46
DA:227,46
DA:228,46
DA:229,46
DA:230,46
DA:231,46
DA:232,0
DA:233,0
DA:234,0
DA:235,0
DA:236,0
DA:238,1
DA:239,88
DA:240,88
DA:241,88
DA:242,88
DA:243,88
DA:244,88
DA:245,542
DA:246,542
DA:247,540
DA:248,534
DA:249,542
DA:250,234
DA:251,234
DA:252,234
DA:253,542
DA:254,88
DA:255,88
DA:257,1
DA:258,36
DA:259,36
DA:260,36
DA:261,36
DA:262,36
DA:263,36
DA:264,36
DA:265,255
DA:266,228
DA:267,255
DA:268,255
DA:269,231
DA:270,255
DA:271,255
DA:272,255
DA:273,255
DA:274,7
DA:275,7
DA:276,36
DA:277,36
DA:278,7
DA:279,7
DA:280,7
DA:281,36
DA:282,36
DA:284,1
DA:285,44
DA:286,44
DA:287,44
DA:288,44
DA:289,44
DA:290,44
DA:292,1
DA:293,1
DA:294,168
DA:295,168
DA:296,168
DA:297,0
DA:298,0
DA:299,1
DA:300,44
DA:301,44
DA:302,44
DA:303,0
DA:304,0
DA:305,0
DA:306,0
DA:307,0
DA:308,0
DA:309,0
DA:310,0
DA:311,0
DA:312,0
DA:313,0
DA:314,0
DA:315,0
DA:316,0
DA:317,0
DA:318,0
DA:319,0
DA:320,1
DA:321,80
DA:322,80
DA:323,80
DA:324,0
DA:325,0
DA:327,234
DA:328,234
DA:329,234
DA:331,1
DA:332,0
DA:333,0
DA:334,0
DA:335,0
DA:336,0
DA:338,1
DA:339,1
DA:340,1
DA:341,1
DA:342,1
DA:343,1
DA:344,1
DA:345,126
DA:346,126
DA:347,126
DA:348,126
DA:349,0
DA:350,0
DA:351,126
DA:353,1
DA:354,1
LF:328
LH:290
BRDA:353,0,0,0
BRDA:21,1,0,71
BRDA:31,2,0,46
BRDA:34,3,0,2
BRDA:34,4,0,44
BRDA:40,5,0,36
BRDA:43,6,0,7
BRDA:44,7,0,0
BRDA:51,8,0,4
BRDA:51,9,0,40
BRDA:54,10,0,2
BRDA:54,11,0,38
BRDA:57,12,0,0
BRDA:68,13,0,46
BRDA:72,14,0,44
BRDA:73,15,0,44
BRDA:77,16,0,44
BRDA:81,17,0,44
BRDA:85,18,0,44
BRDA:86,19,0,4
BRDA:86,20,0,48
BRDA:89,21,0,40
BRDA:93,22,0,38
BRDA:102,23,0,232
BRDA:104,24,0,231
BRDA:105,25,0,3
BRDA:105,26,0,228
BRDA:106,27,0,227
BRDA:108,28,0,2
BRDA:115,29,0,0
BRDA:121,30,0,90
BRDA:130,31,0,62
BRDA:153,32,0,51
BRDA:154,33,0,50
BRDA:154,34,0,1
BRDA:155,35,0,49
BRDA:155,36,0,4
BRDA:155,37,0,46
BRDA:159,38,0,0
BRDA:159,39,0,46
BRDA:162,40,0,0
BRDA:162,41,0,46
BRDA:165,42,0,36
BRDA:167,43,0,10
BRDA:181,44,0,46
BRDA:182,45,0,46
BRDA:191,46,0,36
BRDA:193,47,0,36
BRDA:199,48,0,51
BRDA:201,49,0,0
BRDA:207,50,0,50
BRDA:214,51,0,46
BRDA:218,52,0,36
BRDA:222,53,0,10
BRDA:226,54,0,46
BRDA:230,55,0,0
BRDA:231,56,0,0
BRDA:239,57,0,88
BRDA:244,58,0,542
BRDA:246,59,0,540
BRDA:246,60,0,538
BRDA:246,61,0,18
BRDA:246,62,0,524
BRDA:247,63,0,52
BRDA:247,64,0,534
BRDA:247,65,0,472
BRDA:248,66,0,0
BRDA:248,67,0,472
BRDA:249,68,0,238
BRDA:249,69,0,234
BRDA:258,70,0,36
BRDA:264,71,0,255
BRDA:265,72,0,253
BRDA:265,73,0,27
BRDA:265,74,0,228
BRDA:267,75,0,0
BRDA:267,76,0,228
BRDA:268,77,0,2
BRDA:268,78,0,253
BRDA:268,79,0,231
BRDA:268,80,0,226
BRDA:269,81,0,219
BRDA:269,82,0,23
BRDA:269,83,0,7
BRDA:270,84,0,0
BRDA:270,85,0,0
BRDA:271,86,0,7
BRDA:272,87,0,7
BRDA:272,88,0,0
BRDA:273,89,0,7
BRDA:277,90,0,7
BRDA:285,91,0,44
BRDA:288,92,0,0
BRDA:288,93,0,23
BRDA:294,94,0,168
BRDA:296,95,0,0
BRDA:300,96,0,44
BRDA:302,97,0,0
BRDA:321,98,0,80
BRDA:323,99,0,0
BRDA:327,100,0,234
BRDA:328,101,0,0
BRDA:345,102,0,126
BRDA:348,103,0,0
BRF:104
BRH:84
end_of_record
TN:
SF:sources/app/domain/filters.js
FN:10,lower
FN:15,normalizedName
FN:26,isSmime
FN:38,isInlineImage
FN:45,isInlineDisposition
FN:51,includeStrict
FN:59,includeRelaxed
FN:80,globToRegExp
FN:132,makeNameExcluder
FN:141,shouldExclude
FNF:10
FNH:10
FNDA:4708,lower
FNDA:1596,normalizedName
FNDA:795,isSmime
FNDA:781,isInlineImage
FNDA:708,isInlineDisposition
FNDA:268,includeStrict
FNDA:522,includeRelaxed
FNDA:31,globToRegExp
FNDA:113,makeNameExcluder
FNDA:775,shouldExclude
DA:1,1
DA:2,1
DA:3,1
DA:4,1
DA:5,1
DA:6,1
DA:7,1
DA:9,1
DA:10,4708
DA:11,4708
DA:12,4708
DA:14,1
DA:15,1596
DA:16,1596
DA:17,1596
DA:18,1596
DA:19,1596
DA:20,1596
DA:21,1596
DA:22,1596
DA:23,1596
DA:25,1
DA:26,795
DA:27,795
DA:28,795
DA:29,795
DA:30,795
DA:31,795
DA:32,795
DA:33,781
DA:34,795
DA:35,795
DA:37,1
DA:38,781
DA:39,781
DA:40,781
DA:41,781
DA:42,781
DA:44,1
DA:45,708
DA:46,708
DA:47,708
DA:48,708
DA:50,1
DA:51,268
DA:52,268
DA:53,265
DA:54,266
DA:55,237
DA:56,237
DA:58,1
DA:59,522
DA:60,522
DA:61,522
DA:62,522
DA:64,1
DA:65,1
DA:66,1
DA:67,1
DA:68,1
DA:69,1
DA:70,1
DA:71,1
DA:72,1
DA:73,1
DA:74,1
DA:75,1
DA:77,1
DA:79,1
DA:80,31
DA:81,31
DA:82,31
DA:83,31
DA:84,31
DA:85,31
DA:86,31
DA:87,31
DA:88,181
DA:89,181
DA:90,181
DA:91,2
DA:92,2
DA:93,2
DA:94,2
DA:95,0
DA:96,0
DA:97,2
DA:98,2
DA:99,2
DA:100,181
DA:101,32
DA:102,32
DA:103,1
DA:104,1
DA:105,1
DA:106,1
DA:107,31
DA:108,31
DA:109,31
DA:110,31
DA:111,181
DA:112,0
DA:113,0
DA:114,0
DA:115,0
DA:116,181
DA:117,1
DA:118,1
DA:119,1
DA:120,1
DA:121,1
DA:122,1
DA:123,1
DA:124,146
DA:125,146
DA:126,146
DA:127,31
DA:128,31
DA:129,31
DA:131,1
DA:132,113
DA:133,113
DA:134,113
DA:135,18
DA:136,18
DA:137,18
DA:138,113
DA:139,113
DA:140,113
DA:141,113
DA:142,775
DA:143,775
DA:144,775
DA:145,775
DA:146,113
DA:147,113
DA:149,1
DA:151,1
LF:138
LH:132
BRDA:65,0,0,6
BRDA:10,1,0,4708
BRDA:11,2,0,824
BRDA:15,3,0,1596
BRDA:16,4,0,10
BRDA:16,5,0,9
BRDA:19,6,0,0
BRDA:26,7,0,795
BRDA:30,8,0,783
BRDA:31,9,0,782
BRDA:32,10,0,781
BRDA:38,11,0,781
BRDA:41,12,0,75
BRDA:45,13,0,708
BRDA:51,14,0,268
BRDA:52,15,0,267
BRDA:52,16,0,4
BRDA:52,17,0,265
BRDA:52,18,0,264
BRDA:53,19,0,25
BRDA:53,20,0,266
BRDA:53,21,0,239
BRDA:54,22,0,263
BRDA:54,23,0,2
BRDA:54,24,0,237
BRDA:59,25,0,522
BRDA:61,26,0,515
BRDA:61,27,0,467
BRDA:80,28,0,31
BRDA:87,29,0,181
BRDA:90,30,0,2
BRDA:90,31,0,2
BRDA:92,32,0,1
BRDA:94,33,0,0
BRDA:99,34,0,179
BRDA:100,35,0,32
BRDA:102,36,0,31
BRDA:102,37,0,1
BRDA:110,38,0,147
BRDA:111,39,0,0
BRDA:115,40,0,147
BRDA:116,41,0,1
BRDA:123,42,0,146
BRDA:132,43,0,113
BRDA:133,44,0,0
BRDA:134,45,0,18
BRDA:135,46,0,0
BRDA:140,47,0,18
BRDA:141,48,0,775
BRDA:144,49,0,0
BRDA:145,50,0,63
BRF:51
BRH:45
end_of_record
TN:
SF:sources/app/shared/utils.js
FN:12,toNumericId
FN:21,yesNo
FN:30,makeLogger
FN:32,wrap
FNF:4
FNH:4
FNDA:4,toNumericId
FNDA:5,yesNo
FNDA:2,makeLogger
FNDA:8,wrap
DA:1,1
DA:2,1
DA:3,1
DA:4,1
DA:5,1
DA:6,1
DA:7,3
DA:8,3
DA:9,3
DA:10,3
DA:11,3
DA:12,3
DA:13,4
DA:14,4
DA:15,3
DA:16,3
DA:17,3
DA:18,3
DA:19,3
DA:20,3
DA:21,3
DA:22,5
DA:23,5
DA:24,3
DA:25,3
DA:26,3
DA:27,3
DA:28,3
DA:29,3
DA:30,3
DA:31,2
DA:32,2
DA:33,8
DA:34,8
DA:35,8
DA:36,8
DA:37,8
DA:38,2
DA:39,2
DA:40,2
DA:41,2
DA:42,2
DA:43,2
DA:44,2
DA:45,2
DA:46,3
DA:47,3
DA:48,1
LF:48
LH:48
BRDA:6,0,0,3
BRDA:46,1,0,1
BRDA:12,2,0,4
BRDA:13,3,0,1
BRDA:13,4,0,3
BRDA:13,5,0,2
BRDA:13,6,0,1
BRDA:13,7,0,2
BRDA:21,8,0,5
BRDA:22,9,0,1
BRDA:22,10,0,2
BRDA:22,11,0,3
BRDA:30,12,0,2
BRDA:32,13,0,8
BRDA:33,14,0,8
BRDA:35,15,0,0
BRDA:35,16,0,0
BRDA:37,17,0,0
BRF:18
BRH:15
end_of_record
TN:
SF:sources/content/confirm.js
FN:21,handleConfirmMessage
FN:36,isConfirmPayload
FN:44,toFileList
FN:52,defaultAnswer
FN:58,buildConfirmationText
FN:71,i18n
FN:79,fallbackEnglish
FN:87,showDialogAndReturnResult
FN:95,showWarningDialog
FN:190,cleanup
FN:216,renderDialogInDocument
FN:230,cleanup
FN:246,createOverlay
FN:263,createDialogBox
FN:274,createHeader
FN:287,createButtons
FN:339,assembleDialog
FN:363,blockBackgroundInteractions
FN:366,blocker
FN:382,trapFocus
FN:383,onKey
FN:420,refocusIfEditorStealsFocus
FN:421,refocus
FN:433,preventScrollAndFocusDialog
FN:448,focusDefault
FN:454,clickFirst
FN:460,clickLast
FN:470,focusNext
FN:486,snapshotDocumentState
FN:494,restoreDocumentState
FN:504,disableEditing
FN:529,prefersDark
FN:537,stylePrimaryButton
FN:551,openUrlInBackground
FN:563,isDonateSnoozed
FNF:35
FNH:34
FNDA:21,handleConfirmMessage
FNDA:21,isConfirmPayload
FNDA:18,toFileList
FNDA:18,defaultAnswer
FNDA:18,buildConfirmationText
FNDA:111,i18n
FNDA:18,fallbackEnglish
FNDA:20,showDialogAndReturnResult
FNDA:3,showWarningDialog
FNDA:4,cleanup
FNDA:18,renderDialogInDocument
FNDA:18,cleanup
FNDA:21,createOverlay
FNDA:21,createDialogBox
FNDA:21,createHeader
FNDA:18,createButtons
FNDA:21,assembleDialog
FNDA:21,blockBackgroundInteractions
FNDA:47,blocker
FNDA:21,trapFocus
FNDA:20,onKey
FNDA:21,refocusIfEditorStealsFocus
FNDA:53,refocus
FNDA:21,preventScrollAndFocusDialog
FNDA:43,focusDefault
FNDA:6,clickFirst
FNDA:5,clickLast
FNDA:9,focusNext
FNDA:21,snapshotDocumentState
FNDA:22,restoreDocumentState
FNDA:21,disableEditing
FNDA:45,prefersDark
FNDA:21,stylePrimaryButton
FNDA:0,openUrlInBackground
FNDA:21,isDonateSnoozed
DA:1,1
DA:2,1
DA:3,1
DA:4,1
DA:5,1
DA:6,1
DA:7,1
DA:8,12
DA:9,12
DA:10,12
DA:11,12
DA:12,12
DA:13,12
DA:14,12
DA:15,12
DA:16,12
DA:17,12
DA:19,12
DA:20,12
DA:21,12
DA:22,21
DA:23,21
DA:24,18
DA:25,18
DA:26,18
DA:27,18
DA:28,18
DA:29,3
DA:30,3
DA:31,3
DA:32,3
DA:33,21
DA:34,12
DA:36,12
DA:37,21
DA:38,21
DA:39,12
DA:40,12
DA:41,12
DA:42,12
DA:43,12
DA:44,12
DA:45,18
DA:46,18
DA:47,12
DA:48,12
DA:49,12
DA:50,12
DA:51,12
DA:52,12
DA:53,18
DA:54,18
DA:56,12
DA:57,12
DA:58,12
DA:59,18
DA:60,18
DA:61,18
DA:62,18
DA:63,18
DA:64,18
DA:65,18
DA:66,18
DA:67,18
DA:68,18
DA:70,12
DA:71,12
DA:72,111
DA:73,111
DA:74,111
DA:75,111
DA:76,0
DA:77,111
DA:78,12
DA:79,12
DA:80,18
DA:81,18
DA:82,18
DA:83,18
DA:85,12
DA:86,12
DA:87,12
DA:88,20
DA:89,20
DA:90,20
DA:91,2
DA:92,20
DA:94,12
DA:95,12
DA:96,3
DA:97,3
DA:98,3
DA:99,0
DA:100,0
DA:101,3
DA:102,3
DA:103,3
DA:104,3
DA:105,3
DA:106,3
DA:107,3
DA:108,3
DA:109,3
DA:110,3
DA:111,3
DA:112,3
DA:113,3
DA:115,3
DA:116,3
DA:117,3
DA:118,3
DA:119,3
DA:120,3
DA:121,3
DA:122,6
DA:123,6
DA:124,6
DA:125,6
DA:126,6
DA:127,6
DA:128,6
DA:129,6
DA:130,6
DA:131,6
DA:132,3
DA:133,3
DA:134,3
DA:135,3
DA:136,4
DA:137,4
DA:138,4
DA:139,4
DA:140,4
DA:141,4
DA:142,4
DA:143,4
DA:144,4
DA:145,4
DA:146,4
DA:147,4
DA:148,4
DA:149,4
DA:150,3
DA:151,3
DA:153,3
DA:154,3
DA:155,3
DA:156,3
DA:157,3
DA:158,3
DA:159,3
DA:160,3
DA:161,3
DA:162,3
DA:163,3
DA:164,3
DA:165,1
DA:166,0
DA:167,0
DA:168,1
DA:169,3
DA:170,2
DA:171,2
DA:172,3
DA:173,3
DA:174,3
DA:175,3
DA:176,3
DA:177,3
DA:178,3
DA:179,3
DA:180,3
DA:181,3
DA:182,3
DA:183,3
DA:184,3
DA:185,3
DA:186,3
DA:187,3
DA:188,3
DA:190,3
DA:191,4
DA:192,4
DA:193,4
DA:194,4
DA:195,4
DA:196,4
DA:197,3
DA:198,3
DA:199,3
DA:200,3
DA:201,3
DA:202,3
DA:203,3
DA:204,3
DA:205,3
DA:206,3
DA:207,2
DA:208,1
DA:209,1
DA:210,1
DA:211,3
DA:212,3
DA:213,3
DA:215,12
DA:216,12
DA:217,18
DA:218,18
DA:219,18
DA:220,18
DA:221,18
DA:222,18
DA:223,18
DA:224,18
DA:225,18
DA:226,18
DA:227,18
DA:228,18
DA:229,18
DA:230,18
DA:231,18
DA:232,18
DA:233,18
DA:234,18
DA:235,18
DA:236,18
DA:237,18
DA:238,18
DA:239,18
DA:240,18
DA:241,18
DA:242,18
DA:244,12
DA:245,12
DA:246,12
DA:247,21
DA:248,21
DA:249,21
DA:250,21
DA:251,21
DA:252,21
DA:253,21
DA:254,21
DA:255,21
DA:256,21
DA:257,21
DA:258,21
DA:259,21
DA:260,21
DA:261,21
DA:262,12
DA:263,12
DA:264,21
DA:265,21
DA:266,21
DA:267,21
DA:268,21
DA:269,21
DA:270,21
DA:271,21
DA:272,21
DA:273,12
DA:274,12
DA:275,21
DA:276,21
DA:277,21
DA:278,21
DA:279,21
DA:280,21
DA:281,21
DA:282,21
DA:283,21
DA:284,21
DA:285,21
DA:286,12
DA:287,12
DA:288,18
DA:289,18
DA:290,18
DA:291,18
DA:292,18
DA:293,18
DA:294,18
DA:295,18
DA:296,18
DA:297,18
DA:298,18
DA:299,18
DA:300,0
DA:301,0
DA:302,0
DA:303,0
DA:304,18
DA:305,18
DA:306,18
DA:307,18
DA:308,18
DA:309,18
DA:310,18
DA:311,18
DA:312,18
DA:313,18
DA:314,18
DA:315,18
DA:316,18
DA:317,18
DA:318,18
DA:319,18
DA:320,18
DA:321,18
DA:322,18
DA:323,18
DA:324,18
DA:325,18
DA:326,18
DA:327,18
DA:328,18
DA:329,18
DA:330,18
DA:331,18
DA:332,18
DA:333,18
DA:334,18
DA:335,18
DA:336,18
DA:337,18
DA:338,12
DA:339,12
DA:340,21
DA:341,21
DA:342,21
DA:343,21
DA:345,12
DA:346,12
DA:347,12
DA:348,12
DA:349,12
DA:350,12
DA:351,12
DA:352,12
DA:353,12
DA:354,12
DA:355,12
DA:356,12
DA:357,12
DA:358,12
DA:359,12
DA:360,12
DA:361,12
DA:362,12
DA:363,12
DA:364,21
DA:365,21
DA:366,21
DA:367,47
DA:368,47
DA:369,6
DA:370,6
DA:371,6
DA:372,21
DA:373,21
DA:374,21
DA:375,22
DA:376,22
DA:377,308
DA:378,308
DA:379,21
DA:380,21
DA:381,12
DA:382,12
DA:383,21
DA:384,20
DA:385,20
DA:386,3
DA:387,3
DA:388,3
DA:389,3
DA:390,20
DA:391,3
DA:392,3
DA:393,3
DA:394,3
DA:395,16
DA:396,6
DA:397,6
DA:398,6
DA:399,20
DA:400,2
DA:401,2
DA:402,2
DA:403,20
DA:404,1
DA:405,1
DA:406,1
DA:407,19
DA:408,5
DA:409,5
DA:410,5
DA:411,21
DA:412,21
DA:413,21
DA:414,22
DA:415,22
DA:416,22
DA:417,21
DA:418,21
DA:419,12
DA:420,12
DA:421,21
DA:422,53
DA:423,53
DA:424,21
DA:425,21
DA:426,21
DA:427,22
DA:428,22
DA:429,22
DA:430,21
DA:431,21
DA:432,12
DA:433,12
DA:434,21
DA:435,21
DA:436,21
DA:437,21
DA:438,21
DA:439,21
DA:440,21
DA:441,21
DA:442,12
DA:443,12
DA:444,12
DA:445,12
DA:446,12
DA:447,12
DA:448,12
DA:449,43
DA:450,43
DA:451,43
DA:452,43
DA:453,12
DA:454,12
DA:455,6
DA:456,6
DA:457,6
DA:458,6
DA:459,12
DA:460,12
DA:461,5
DA:462,5
DA:463,5
DA:464,5
DA:465,12
DA:466,12
DA:467,12
DA:468,12
DA:469,12
DA:470,12
DA:471,9
DA:472,9
DA:473,9
DA:474,3
DA:475,3
DA:476,9
DA:477,6
DA:478,9
DA:479,9
DA:480,9
DA:481,9
DA:482,9
DA:484,12
DA:485,12
DA:486,12
DA:487,21
DA:488,21
DA:489,21
DA:490,21
DA:491,21
DA:492,21
DA:493,12
DA:494,12
DA:495,22
DA:496,22
DA:497,22
DA:498,22
DA:499,22
DA:500,22
DA:501,22
DA:502,22
DA:503,12
DA:504,12
DA:505,21
DA:506,21
DA:507,21
DA:508,21
DA:509,21
DA:510,21
DA:511,21
DA:512,12
DA:513,12
DA:514,12
DA:515,12
DA:516,12
DA:517,12
DA:518,12
DA:519,12
DA:520,12
DA:521,12
DA:522,12
DA:523,12
DA:524,12
DA:525,12
DA:526,12
DA:528,12
DA:529,12
DA:530,45
DA:531,45
DA:532,45
DA:533,0
DA:534,0
DA:535,45
DA:536,12
DA:537,12
DA:538,21
DA:539,21
DA:540,21
DA:541,21
DA:542,21
DA:543,21
DA:544,21
DA:545,21
DA:546,21
DA:547,21
DA:548,21
DA:549,21
DA:550,12
DA:551,12
DA:552,0
DA:553,0
DA:554,0
DA:555,0
DA:556,0
DA:557,0
DA:558,0
DA:559,0
DA:561,12
DA:562,12
DA:563,12
DA:564,21
DA:565,21
DA:566,21
DA:567,21
DA:568,21
DA:569,0
DA:570,0
DA:571,21
DA:572,1
LF:557
LH:536
BRDA:7,0,0,12
BRDA:17,1,0,1
BRDA:21,2,0,21
BRDA:22,3,0,0
BRDA:23,4,0,18
BRDA:28,5,0,3
BRDA:30,6,0,0
BRDA:36,7,0,21
BRDA:44,8,0,18
BRDA:45,9,0,0
BRDA:52,10,0,18
BRDA:53,11,0,6
BRDA:53,12,0,12
BRDA:58,13,0,18
BRDA:61,14,0,0
BRDA:65,15,0,0
BRDA:66,16,0,0
BRDA:71,17,0,111
BRDA:73,18,0,94
BRDA:73,19,0,0
BRDA:74,20,0,0
BRDA:75,21,0,0
BRDA:79,22,0,18
BRDA:82,23,0,0
BRDA:87,24,0,20
BRDA:89,25,0,18
BRDA:90,26,0,2
BRDA:90,27,0,0
BRDA:95,28,0,3
BRDA:97,29,0,0
BRDA:98,30,0,0
BRDA:101,31,0,3
BRDA:106,32,0,0
BRDA:109,33,0,0
BRDA:111,34,0,0
BRDA:121,35,0,0
BRDA:121,36,0,0
BRDA:121,37,0,6
BRDA:125,38,0,0
BRDA:129,39,0,0
BRDA:135,40,0,0
BRDA:161,41,0,2
BRDA:163,42,0,2
BRDA:164,43,0,1
BRDA:169,44,0,2
BRDA:181,45,0,0
BRDA:135,46,0,4
BRDA:138,47,0,0
BRDA:141,48,0,0
BRDA:143,49,0,0
BRDA:146,50,0,0
BRDA:173,51,0,3
BRDA:176,52,0,1
BRDA:177,53,0,0
BRDA:190,54,0,4
BRDA:206,55,0,2
BRDA:207,56,0,1
BRDA:207,57,0,1
BRDA:216,58,0,18
BRDA:217,59,0,18
BRDA:230,60,0,18
BRDA:238,61,0,7
BRDA:239,62,0,11
BRDA:246,63,0,21
BRDA:256,64,0,0
BRDA:263,65,0,21
BRDA:266,66,0,0
BRDA:267,67,0,0
BRDA:268,68,0,0
BRDA:274,69,0,21
BRDA:287,70,0,18
BRDA:299,71,0,0
BRDA:308,72,0,18
BRDA:311,73,0,0
BRDA:312,74,0,0
BRDA:339,75,0,21
BRDA:363,76,0,21
BRDA:373,77,0,294
BRDA:366,78,0,47
BRDA:368,79,0,6
BRDA:374,80,0,22
BRDA:376,81,0,308
BRDA:378,82,0,0
BRDA:382,83,0,21
BRDA:383,84,0,20
BRDA:384,85,0,0
BRDA:385,86,0,18
BRDA:385,87,0,3
BRDA:389,88,0,18
BRDA:389,89,0,17
BRDA:390,90,0,15
BRDA:390,91,0,17
BRDA:390,92,0,3
BRDA:394,93,0,16
BRDA:394,94,0,14
BRDA:395,95,0,6
BRDA:398,96,0,14
BRDA:399,97,0,13
BRDA:399,98,0,19
BRDA:399,99,0,2
BRDA:402,100,0,14
BRDA:403,101,0,13
BRDA:403,102,0,19
BRDA:403,103,0,1
BRDA:406,104,0,14
BRDA:407,105,0,5
BRDA:409,106,0,3
BRDA:409,107,0,2
BRDA:413,108,0,22
BRDA:416,109,0,0
BRDA:420,110,0,21
BRDA:421,111,0,53
BRDA:423,112,0,38
BRDA:423,113,0,22
BRDA:426,114,0,22
BRDA:429,115,0,0
BRDA:433,116,0,21
BRDA:435,117,0,21
BRDA:438,118,0,0
BRDA:448,119,0,43
BRDA:450,120,0,13
BRDA:450,121,0,30
BRDA:451,122,0,0
BRDA:454,123,0,6
BRDA:457,124,0,0
BRDA:460,125,0,5
BRDA:463,126,0,0
BRDA:470,127,0,9
BRDA:473,128,0,3
BRDA:474,129,0,1
BRDA:475,130,0,2
BRDA:476,131,0,6
BRDA:477,132,0,3
BRDA:478,133,0,3
BRDA:481,134,0,0
BRDA:486,135,0,21
BRDA:494,136,0,22
BRDA:498,137,0,0
BRDA:501,138,0,0
BRDA:504,139,0,21
BRDA:507,140,0,0
BRDA:510,141,0,0
BRDA:529,142,0,45
BRDA:531,143,0,0
BRDA:532,144,0,0
BRDA:537,145,0,21
BRDA:563,146,0,21
BRDA:565,147,0,1
BRDA:566,148,0,1
BRDA:566,149,0,20
BRDA:568,150,0,0
BRF:151
BRH:101
end_of_record
